{"/home/travis/build/npmtest/node-npmtest-styled-jsx/test.js":{"path":"/home/travis/build/npmtest/node-npmtest-styled-jsx/test.js","s":{"1":2,"2":2,"3":2,"4":2,"5":2,"6":2,"7":2,"8":1,"9":2,"10":2,"11":1,"12":1,"13":1,"14":1,"15":2,"16":2,"17":2,"18":2,"19":1,"20":1,"21":2,"22":2,"23":2,"24":1,"25":1,"26":1,"27":1,"28":1,"29":1,"30":1,"31":1,"32":1,"33":1,"34":1,"35":1,"36":1,"37":1,"38":1,"39":2,"40":2,"41":1,"42":2,"43":2,"44":1,"45":2,"46":2,"47":1,"48":2,"49":2,"50":1,"51":1,"52":1,"53":1,"54":1},"b":{"1":[2,1,1,1],"2":[1,1,1,1],"3":[1,1],"4":[1,1],"5":[1,1],"6":[1,1],"7":[1,1],"8":[1,1],"9":[1,1],"10":[1,1,1],"11":[1,1],"12":[1,1],"13":[1,1],"14":[1,1],"15":[1,1],"16":[1,1],"17":[1,1]},"f":{"1":2,"2":2,"3":2,"4":2,"5":2,"6":1,"7":1,"8":1,"9":2,"10":2,"11":2,"12":2,"13":1},"fnMap":{"1":{"name":"(anonymous_1)","line":12,"loc":{"start":{"line":12,"column":1},"end":{"line":12,"column":13}}},"2":{"name":"(anonymous_2)","line":19,"loc":{"start":{"line":19,"column":5},"end":{"line":19,"column":17}}},"3":{"name":"(anonymous_3)","line":23,"loc":{"start":{"line":23,"column":24},"end":{"line":23,"column":36}}},"4":{"name":"(anonymous_4)","line":61,"loc":{"start":{"line":61,"column":5},"end":{"line":61,"column":17}}},"5":{"name":"(anonymous_5)","line":82,"loc":{"start":{"line":82,"column":5},"end":{"line":82,"column":17}}},"6":{"name":"(anonymous_6)","line":91,"loc":{"start":{"line":91,"column":77},"end":{"line":94,"column":10}}},"7":{"name":"(anonymous_7)","line":112,"loc":{"start":{"line":112,"column":83},"end":{"line":115,"column":10}},"skip":true},"8":{"name":"(anonymous_8)","line":123,"loc":{"start":{"line":123,"column":77},"end":{"line":126,"column":10}},"skip":true},"9":{"name":"(anonymous_9)","line":139,"loc":{"start":{"line":139,"column":12},"end":{"line":139,"column":40}},"skip":true},"10":{"name":"(anonymous_10)","line":147,"loc":{"start":{"line":147,"column":77},"end":{"line":150,"column":10}},"skip":true},"11":{"name":"(anonymous_11)","line":158,"loc":{"start":{"line":158,"column":83},"end":{"line":161,"column":10}},"skip":true},"12":{"name":"(anonymous_12)","line":169,"loc":{"start":{"line":169,"column":79},"end":{"line":172,"column":10}},"skip":true},"13":{"name":"(anonymous_13)","line":180,"loc":{"start":{"line":180,"column":75},"end":{"line":183,"column":10}},"skip":true}},"statementMap":{"1":{"start":{"line":12,"column":0},"end":{"line":195,"column":5}},"2":{"start":{"line":14,"column":4},"end":{"line":14,"column":14}},"3":{"start":{"line":19,"column":4},"end":{"line":56,"column":9}},"4":{"start":{"line":21,"column":8},"end":{"line":21,"column":19}},"5":{"start":{"line":23,"column":8},"end":{"line":35,"column":13}},"6":{"start":{"line":24,"column":12},"end":{"line":34,"column":13}},"7":{"start":{"line":25,"column":16},"end":{"line":28,"column":30}},"8":{"start":{"line":30,"column":16},"end":{"line":33,"column":27}},"9":{"start":{"line":37,"column":8},"end":{"line":39,"column":21}},"10":{"start":{"line":40,"column":8},"end":{"line":53,"column":9}},"11":{"start":{"line":43,"column":12},"end":{"line":46,"column":14}},"12":{"start":{"line":47,"column":12},"end":{"line":47,"column":18}},"13":{"start":{"line":50,"column":12},"end":{"line":51,"column":46}},"14":{"start":{"line":52,"column":12},"end":{"line":52,"column":18}},"15":{"start":{"line":55,"column":8},"end":{"line":55,"column":35}},"16":{"start":{"line":61,"column":4},"end":{"line":63,"column":9}},"17":{"start":{"line":62,"column":8},"end":{"line":62,"column":15}},"18":{"start":{"line":64,"column":4},"end":{"line":77,"column":5}},"19":{"start":{"line":70,"column":8},"end":{"line":70,"column":14}},"20":{"start":{"line":76,"column":8},"end":{"line":76,"column":14}},"21":{"start":{"line":82,"column":4},"end":{"line":84,"column":9}},"22":{"start":{"line":83,"column":8},"end":{"line":83,"column":15}},"23":{"start":{"line":85,"column":4},"end":{"line":194,"column":5}},"24":{"start":{"line":91,"column":8},"end":{"line":99,"column":10}},"25":{"start":{"line":98,"column":12},"end":{"line":98,"column":35}},"26":{"start":{"line":102,"column":8},"end":{"line":104,"column":63}},"27":{"start":{"line":105,"column":8},"end":{"line":105,"column":14}},"28":{"start":{"line":112,"column":8},"end":{"line":121,"column":10},"skip":true},"29":{"start":{"line":119,"column":12},"end":{"line":119,"column":55},"skip":true},"30":{"start":{"line":120,"column":12},"end":{"line":120,"column":48},"skip":true},"31":{"start":{"line":123,"column":8},"end":{"line":136,"column":10},"skip":true},"32":{"start":{"line":130,"column":12},"end":{"line":130,"column":76},"skip":true},"33":{"start":{"line":131,"column":12},"end":{"line":131,"column":73},"skip":true},"34":{"start":{"line":132,"column":12},"end":{"line":132,"column":74},"skip":true},"35":{"start":{"line":133,"column":12},"end":{"line":133,"column":79},"skip":true},"36":{"start":{"line":134,"column":12},"end":{"line":134,"column":25},"skip":true},"37":{"start":{"line":135,"column":12},"end":{"line":135,"column":45},"skip":true},"38":{"start":{"line":138,"column":8},"end":{"line":145,"column":14},"skip":true},"39":{"start":{"line":143,"column":16},"end":{"line":143,"column":29},"skip":true},"40":{"start":{"line":144,"column":16},"end":{"line":144,"column":55},"skip":true},"41":{"start":{"line":147,"column":8},"end":{"line":156,"column":10},"skip":true},"42":{"start":{"line":154,"column":12},"end":{"line":154,"column":25},"skip":true},"43":{"start":{"line":155,"column":12},"end":{"line":155,"column":45},"skip":true},"44":{"start":{"line":158,"column":8},"end":{"line":167,"column":10},"skip":true},"45":{"start":{"line":165,"column":12},"end":{"line":165,"column":25},"skip":true},"46":{"start":{"line":166,"column":12},"end":{"line":166,"column":48},"skip":true},"47":{"start":{"line":169,"column":8},"end":{"line":178,"column":10},"skip":true},"48":{"start":{"line":176,"column":12},"end":{"line":176,"column":25},"skip":true},"49":{"start":{"line":177,"column":12},"end":{"line":177,"column":46},"skip":true},"50":{"start":{"line":180,"column":8},"end":{"line":189,"column":10},"skip":true},"51":{"start":{"line":187,"column":12},"end":{"line":187,"column":94},"skip":true},"52":{"start":{"line":188,"column":12},"end":{"line":188,"column":48},"skip":true},"53":{"start":{"line":192,"column":8},"end":{"line":192,"column":35},"skip":true},"54":{"start":{"line":193,"column":8},"end":{"line":193,"column":14},"skip":true}},"branchMap":{"1":{"line":25,"type":"binary-expr","locations":[{"start":{"line":25,"column":23},"end":{"line":25,"column":62}},{"start":{"line":26,"column":20},"end":{"line":26,"column":70}},{"start":{"line":27,"column":20},"end":{"line":27,"column":71}},{"start":{"line":28,"column":20},"end":{"line":28,"column":29}}]},"2":{"line":30,"type":"binary-expr","locations":[{"start":{"line":30,"column":23},"end":{"line":30,"column":37}},{"start":{"line":31,"column":20},"end":{"line":31,"column":61}},{"start":{"line":32,"column":20},"end":{"line":32,"column":70}},{"start":{"line":33,"column":20},"end":{"line":33,"column":26}}]},"3":{"line":37,"type":"cond-expr","locations":[{"start":{"line":38,"column":14},"end":{"line":38,"column":20}},{"start":{"line":39,"column":14},"end":{"line":39,"column":20}}]},"4":{"line":40,"type":"switch","locations":[{"start":{"line":42,"column":8},"end":{"line":47,"column":18}},{"start":{"line":49,"column":8},"end":{"line":52,"column":18}}]},"5":{"line":44,"type":"binary-expr","locations":[{"start":{"line":44,"column":16},"end":{"line":44,"column":44}},{"start":{"line":44,"column":48},"end":{"line":44,"column":66}}]},"6":{"line":50,"type":"binary-expr","locations":[{"start":{"line":50,"column":21},"end":{"line":50,"column":49}},{"start":{"line":50,"column":53},"end":{"line":50,"column":72}}]},"7":{"line":64,"type":"switch","locations":[{"start":{"line":69,"column":4},"end":{"line":70,"column":14}},{"start":{"line":75,"column":4},"end":{"line":76,"column":14}}]},"8":{"line":85,"type":"switch","locations":[{"start":{"line":90,"column":4},"end":{"line":105,"column":14}},{"start":{"line":111,"column":4},"end":{"line":193,"column":14},"skip":true}]},"9":{"line":91,"type":"binary-expr","locations":[{"start":{"line":91,"column":42},"end":{"line":91,"column":73}},{"start":{"line":91,"column":77},"end":{"line":99,"column":9}}]},"10":{"line":102,"type":"binary-expr","locations":[{"start":{"line":102,"column":18},"end":{"line":102,"column":32}},{"start":{"line":103,"column":12},"end":{"line":103,"column":53}},{"start":{"line":104,"column":12},"end":{"line":104,"column":61}}]},"11":{"line":112,"type":"binary-expr","locations":[{"start":{"line":112,"column":45},"end":{"line":112,"column":79},"skip":true},{"start":{"line":112,"column":83},"end":{"line":121,"column":9},"skip":true}]},"12":{"line":123,"type":"binary-expr","locations":[{"start":{"line":123,"column":42},"end":{"line":123,"column":73},"skip":true},{"start":{"line":123,"column":77},"end":{"line":136,"column":9},"skip":true}]},"13":{"line":138,"type":"binary-expr","locations":[{"start":{"line":138,"column":48},"end":{"line":138,"column":85},"skip":true},{"start":{"line":139,"column":12},"end":{"line":145,"column":13},"skip":true}]},"14":{"line":147,"type":"binary-expr","locations":[{"start":{"line":147,"column":42},"end":{"line":147,"column":73},"skip":true},{"start":{"line":147,"column":77},"end":{"line":156,"column":9},"skip":true}]},"15":{"line":158,"type":"binary-expr","locations":[{"start":{"line":158,"column":45},"end":{"line":158,"column":79},"skip":true},{"start":{"line":158,"column":83},"end":{"line":167,"column":9},"skip":true}]},"16":{"line":169,"type":"binary-expr","locations":[{"start":{"line":169,"column":43},"end":{"line":169,"column":75},"skip":true},{"start":{"line":169,"column":79},"end":{"line":178,"column":9},"skip":true}]},"17":{"line":180,"type":"binary-expr","locations":[{"start":{"line":180,"column":41},"end":{"line":180,"column":71},"skip":true},{"start":{"line":180,"column":75},"end":{"line":189,"column":9},"skip":true}]}},"code":["/* istanbul instrument in package npmtest_styled_jsx */","/*jslint","    bitwise: true,","    browser: true,","    maxerr: 8,","    maxlen: 96,","    node: true,","    nomen: true,","    regexp: true,","    stupid: true","*/","(function () {","    'use strict';","    var local;","","","","    // run shared js-env code - pre-init","    (function () {","        // init local","        local = {};","        // init modeJs","        local.modeJs = (function () {","            try {","                return typeof navigator.userAgent === 'string' &&","                    typeof document.querySelector('body') === 'object' &&","                    typeof XMLHttpRequest.prototype.open === 'function' &&","                    'browser';","            } catch (errorCaughtBrowser) {","                return module.exports &&","                    typeof process.versions.node === 'string' &&","                    typeof require('http').createServer === 'function' &&","                    'node';","            }","        }());","        // init global","        local.global = local.modeJs === 'browser'","            ? window","            : global;","        switch (local.modeJs) {","        // re-init local from window.local","        case 'browser':","            local = local.global.utility2.objectSetDefault(","                local.global.utility2_rollup || local.global.local,","                local.global.utility2","            );","            break;","        // re-init local from example.js","        case 'node':","            local = (local.global.utility2_rollup || require('utility2'))","                .requireExampleJsFromReadme();","            break;","        }","        // export local","        local.global.local = local;","    }());","","","","    // run shared js-env code - function","    (function () {","        return;","    }());","    switch (local.modeJs) {","","","","    // run browser js-env code - function","    case 'browser':","        break;","","","","    // run node js-env code - function","    case 'node':","        break;","    }","","","","    // run shared js-env code - post-init","    (function () {","        return;","    }());","    switch (local.modeJs) {","","","","    // run browser js-env code - post-init","    case 'browser':","        local.testCase_browser_nullCase = local.testCase_browser_nullCase || function (","            options,","            onError","        ) {","        /*","         * this function will test browsers's null-case handling-behavior-behavior","         */","            onError(null, options);","        };","","        // run tests","        local.nop(local.modeTest &&","            document.querySelector('#testRunButton1') &&","            document.querySelector('#testRunButton1').click());","        break;","","","","    // run node js-env code - post-init","    /* istanbul ignore next */","    case 'node':","        local.testCase_buildApidoc_default = local.testCase_buildApidoc_default || function (","            options,","            onError","        ) {","        /*","         * this function will test buildApidoc's default handling-behavior-behavior","         */","            options = { modulePathList: module.paths };","            local.buildApidoc(options, onError);","        };","","        local.testCase_buildApp_default = local.testCase_buildApp_default || function (","            options,","            onError","        ) {","        /*","         * this function will test buildApp's default handling-behavior-behavior","         */","            local.testCase_buildReadme_default(options, local.onErrorThrow);","            local.testCase_buildLib_default(options, local.onErrorThrow);","            local.testCase_buildTest_default(options, local.onErrorThrow);","            local.testCase_buildCustomOrg_default(options, local.onErrorThrow);","            options = [];","            local.buildApp(options, onError);","        };","","        local.testCase_buildCustomOrg_default = local.testCase_buildCustomOrg_default ||","            function (options, onError) {","            /*","             * this function will test buildCustomOrg's default handling-behavior","             */","                options = {};","                local.buildCustomOrg(options, onError);","            };","","        local.testCase_buildLib_default = local.testCase_buildLib_default || function (","            options,","            onError","        ) {","        /*","         * this function will test buildLib's default handling-behavior","         */","            options = {};","            local.buildLib(options, onError);","        };","","        local.testCase_buildReadme_default = local.testCase_buildReadme_default || function (","            options,","            onError","        ) {","        /*","         * this function will test buildReadme's default handling-behavior-behavior","         */","            options = {};","            local.buildReadme(options, onError);","        };","","        local.testCase_buildTest_default = local.testCase_buildTest_default || function (","            options,","            onError","        ) {","        /*","         * this function will test buildTest's default handling-behavior","         */","            options = {};","            local.buildTest(options, onError);","        };","","        local.testCase_webpage_default = local.testCase_webpage_default || function (","            options,","            onError","        ) {","        /*","         * this function will test webpage's default handling-behavior","         */","            options = { modeCoverageMerge: true, url: local.serverLocalHost + '?modeTest=1' };","            local.browserTest(options, onError);","        };","","        // run test-server","        local.testRunServer(local);","        break;","    }","}());",""],"l":{"12":2,"14":2,"19":2,"21":2,"23":2,"24":2,"25":2,"30":1,"37":2,"40":2,"43":1,"47":1,"50":1,"52":1,"55":2,"61":2,"62":2,"64":2,"70":1,"76":1,"82":2,"83":2,"85":2,"91":1,"98":1,"102":1,"105":1,"112":1,"119":1,"120":1,"123":1,"130":1,"131":1,"132":1,"133":1,"134":1,"135":1,"138":1,"143":2,"144":2,"147":1,"154":2,"155":2,"158":1,"165":2,"166":2,"169":1,"176":2,"177":2,"180":1,"187":1,"188":1,"192":1,"193":1}},"/home/travis/build/npmtest/node-npmtest-styled-jsx/lib.npmtest_styled_jsx.js":{"path":"/home/travis/build/npmtest/node-npmtest-styled-jsx/lib.npmtest_styled_jsx.js","s":{"1":2,"2":2,"3":2,"4":2,"5":2,"6":2,"7":2,"8":1,"9":2,"10":2,"11":2,"12":2,"13":1,"14":1,"15":1,"16":1},"b":{"1":[2,1,1,1],"2":[1,1,1,1],"3":[1,1],"4":[2,2],"5":[1,1]},"f":{"1":2,"2":2,"3":2},"fnMap":{"1":{"name":"(anonymous_1)","line":12,"loc":{"start":{"line":12,"column":1},"end":{"line":12,"column":13}}},"2":{"name":"(anonymous_2)","line":19,"loc":{"start":{"line":19,"column":5},"end":{"line":19,"column":17}}},"3":{"name":"(anonymous_3)","line":23,"loc":{"start":{"line":23,"column":24},"end":{"line":23,"column":36}}}},"statementMap":{"1":{"start":{"line":12,"column":0},"end":{"line":53,"column":5}},"2":{"start":{"line":14,"column":4},"end":{"line":14,"column":14}},"3":{"start":{"line":19,"column":4},"end":{"line":52,"column":9}},"4":{"start":{"line":21,"column":8},"end":{"line":21,"column":19}},"5":{"start":{"line":23,"column":8},"end":{"line":35,"column":13}},"6":{"start":{"line":24,"column":12},"end":{"line":34,"column":13}},"7":{"start":{"line":25,"column":16},"end":{"line":28,"column":30}},"8":{"start":{"line":30,"column":16},"end":{"line":33,"column":27}},"9":{"start":{"line":37,"column":8},"end":{"line":39,"column":21}},"10":{"start":{"line":41,"column":8},"end":{"line":41,"column":54}},"11":{"start":{"line":43,"column":8},"end":{"line":43,"column":55}},"12":{"start":{"line":45,"column":8},"end":{"line":51,"column":9}},"13":{"start":{"line":46,"column":12},"end":{"line":46,"column":61}},"14":{"start":{"line":48,"column":12},"end":{"line":48,"column":35}},"15":{"start":{"line":49,"column":12},"end":{"line":49,"column":49}},"16":{"start":{"line":50,"column":12},"end":{"line":50,"column":43}}},"branchMap":{"1":{"line":25,"type":"binary-expr","locations":[{"start":{"line":25,"column":23},"end":{"line":25,"column":62}},{"start":{"line":26,"column":20},"end":{"line":26,"column":70}},{"start":{"line":27,"column":20},"end":{"line":27,"column":71}},{"start":{"line":28,"column":20},"end":{"line":28,"column":29}}]},"2":{"line":30,"type":"binary-expr","locations":[{"start":{"line":30,"column":23},"end":{"line":30,"column":37}},{"start":{"line":31,"column":20},"end":{"line":31,"column":61}},{"start":{"line":32,"column":20},"end":{"line":32,"column":70}},{"start":{"line":33,"column":20},"end":{"line":33,"column":26}}]},"3":{"line":37,"type":"cond-expr","locations":[{"start":{"line":38,"column":14},"end":{"line":38,"column":20}},{"start":{"line":39,"column":14},"end":{"line":39,"column":20}}]},"4":{"line":41,"type":"binary-expr","locations":[{"start":{"line":41,"column":16},"end":{"line":41,"column":44}},{"start":{"line":41,"column":48},"end":{"line":41,"column":53}}]},"5":{"line":45,"type":"if","locations":[{"start":{"line":45,"column":8},"end":{"line":45,"column":8}},{"start":{"line":45,"column":8},"end":{"line":45,"column":8}}]}},"code":["/* istanbul instrument in package npmtest_styled_jsx */","/*jslint","    bitwise: true,","    browser: true,","    maxerr: 8,","    maxlen: 96,","    node: true,","    nomen: true,","    regexp: true,","    stupid: true","*/","(function () {","    'use strict';","    var local;","","","","    // run shared js-env code - pre-init","    (function () {","        // init local","        local = {};","        // init modeJs","        local.modeJs = (function () {","            try {","                return typeof navigator.userAgent === 'string' &&","                    typeof document.querySelector('body') === 'object' &&","                    typeof XMLHttpRequest.prototype.open === 'function' &&","                    'browser';","            } catch (errorCaughtBrowser) {","                return module.exports &&","                    typeof process.versions.node === 'string' &&","                    typeof require('http').createServer === 'function' &&","                    'node';","            }","        }());","        // init global","        local.global = local.modeJs === 'browser'","            ? window","            : global;","        // init utility2_rollup","        local = local.global.utility2_rollup || local;","        // init lib","        local.local = local.npmtest_styled_jsx = local;","        // init exports","        if (local.modeJs === 'browser') {","            local.global.utility2_npmtest_styled_jsx = local;","        } else {","            module.exports = local;","            module.exports.__dirname = __dirname;","            module.exports.module = module;","        }","    }());","}());",""],"l":{"12":2,"14":2,"19":2,"21":2,"23":2,"24":2,"25":2,"30":1,"37":2,"41":2,"43":2,"45":2,"46":1,"48":1,"49":1,"50":1}},"/home/travis/build/npmtest/node-npmtest-styled-jsx/example.js":{"path":"/home/travis/build/npmtest/node-npmtest-styled-jsx/example.js","s":{"1":2,"2":2,"3":2,"4":2,"5":2,"6":2,"7":2,"8":1,"9":2,"10":2,"11":2,"12":2,"13":1,"14":2,"15":2,"16":2,"17":2,"18":2,"19":0,"20":2,"21":1,"22":1,"23":1,"24":1,"25":1,"26":0,"27":0,"28":1,"29":1,"30":2,"31":0,"32":0,"33":0,"34":1,"35":2,"36":2,"37":3,"38":3,"39":3,"40":3,"41":0,"42":3,"43":3,"44":3,"45":1,"46":3,"47":1,"48":1,"49":1,"50":1,"51":1,"52":1,"53":1,"54":1,"55":1,"56":1,"57":0,"58":1,"59":6,"60":6,"61":1,"62":2,"63":0,"64":2,"65":1,"66":1,"67":0,"68":0,"69":0,"70":0,"71":0,"72":0,"73":0,"74":0,"75":0,"76":0,"77":0,"78":0,"79":0,"80":0,"81":0,"82":0,"83":0},"b":{"1":[2,1,1,1],"2":[1,1,1,1],"3":[1,1],"4":[2,2],"5":[1,1],"6":[1,1],"7":[2,0],"8":[2,1,1,1,1,1],"9":[0,2,0],"10":[1,1],"11":[2,1,1],"12":[1,0],"13":[0,2],"14":[2,0,0,0,0,0,0],"15":[0,3],"16":[3,0],"17":[1,1],"18":[0,1],"19":[1,2,0,2],"20":[1,0],"21":[1,1],"22":[0,0],"23":[0,0],"24":[0,0],"25":[0,0],"26":[0,0],"27":[0,0],"28":[0,0]},"f":{"1":2,"2":2,"3":2,"4":2,"5":2,"6":2,"7":3,"8":3,"9":3,"10":1,"11":6,"12":0},"fnMap":{"1":{"name":"(anonymous_1)","line":26,"loc":{"start":{"line":26,"column":1},"end":{"line":26,"column":13}}},"2":{"name":"(anonymous_2)","line":33,"loc":{"start":{"line":33,"column":5},"end":{"line":33,"column":17}}},"3":{"name":"(anonymous_3)","line":37,"loc":{"start":{"line":37,"column":24},"end":{"line":37,"column":36}}},"4":{"name":"(anonymous_4)","line":69,"loc":{"start":{"line":69,"column":31},"end":{"line":69,"column":48}},"skip":true},"5":{"name":"(anonymous_5)","line":78,"loc":{"start":{"line":78,"column":26},"end":{"line":78,"column":45}},"skip":true},"6":{"name":"(anonymous_6)","line":123,"loc":{"start":{"line":123,"column":33},"end":{"line":123,"column":48}},"skip":true},"7":{"name":"(anonymous_7)","line":125,"loc":{"start":{"line":125,"column":27},"end":{"line":125,"column":39}},"skip":true},"8":{"name":"(anonymous_8)","line":133,"loc":{"start":{"line":133,"column":59},"end":{"line":133,"column":74}},"skip":true},"9":{"name":"(anonymous_9)","line":143,"loc":{"start":{"line":143,"column":45},"end":{"line":143,"column":62}},"skip":true},"10":{"name":"(anonymous_10)","line":144,"loc":{"start":{"line":144,"column":73},"end":{"line":144,"column":92}},"skip":true},"11":{"name":"(anonymous_11)","line":272,"loc":{"start":{"line":272,"column":51},"end":{"line":272,"column":77}},"skip":true},"12":{"name":"(anonymous_12)","line":314,"loc":{"start":{"line":314,"column":32},"end":{"line":314,"column":61}},"skip":true}},"statementMap":{"1":{"start":{"line":26,"column":0},"end":{"line":325,"column":5}},"2":{"start":{"line":28,"column":4},"end":{"line":28,"column":14}},"3":{"start":{"line":33,"column":4},"end":{"line":60,"column":9}},"4":{"start":{"line":35,"column":8},"end":{"line":35,"column":19}},"5":{"start":{"line":37,"column":8},"end":{"line":49,"column":13}},"6":{"start":{"line":38,"column":12},"end":{"line":48,"column":13}},"7":{"start":{"line":39,"column":16},"end":{"line":42,"column":30}},"8":{"start":{"line":44,"column":16},"end":{"line":47,"column":27}},"9":{"start":{"line":51,"column":8},"end":{"line":53,"column":21}},"10":{"start":{"line":55,"column":8},"end":{"line":57,"column":45}},"11":{"start":{"line":59,"column":8},"end":{"line":59,"column":35}},"12":{"start":{"line":61,"column":4},"end":{"line":324,"column":5}},"13":{"start":{"line":69,"column":8},"end":{"line":121,"column":10},"skip":true},"14":{"start":{"line":70,"column":12},"end":{"line":88,"column":13},"skip":true},"15":{"start":{"line":76,"column":16},"end":{"line":87,"column":19},"skip":true},"16":{"start":{"line":79,"column":20},"end":{"line":86,"column":21},"skip":true},"17":{"start":{"line":82,"column":24},"end":{"line":82,"column":43},"skip":true},"18":{"start":{"line":83,"column":24},"end":{"line":83,"column":30},"skip":true},"19":{"start":{"line":85,"column":24},"end":{"line":85,"column":49},"skip":true},"20":{"start":{"line":89,"column":12},"end":{"line":107,"column":13},"skip":true},"21":{"start":{"line":92,"column":16},"end":{"line":102,"column":17},"skip":true},"22":{"start":{"line":93,"column":20},"end":{"line":93,"column":86},"skip":true},"23":{"start":{"line":94,"column":20},"end":{"line":95,"column":45},"skip":true},"24":{"start":{"line":96,"column":20},"end":{"line":96,"column":42},"skip":true},"25":{"start":{"line":97,"column":20},"end":{"line":97,"column":48},"skip":true},"26":{"start":{"line":100,"column":20},"end":{"line":100,"column":85},"skip":true},"27":{"start":{"line":101,"column":20},"end":{"line":101,"column":96},"skip":true},"28":{"start":{"line":103,"column":16},"end":{"line":103,"column":22},"skip":true},"29":{"start":{"line":106,"column":16},"end":{"line":106,"column":22},"skip":true},"30":{"start":{"line":108,"column":12},"end":{"line":120,"column":13},"skip":true},"31":{"start":{"line":114,"column":16},"end":{"line":119,"column":17},"skip":true},"32":{"start":{"line":116,"column":20},"end":{"line":116,"column":78},"skip":true},"33":{"start":{"line":118,"column":20},"end":{"line":118,"column":47},"skip":true},"34":{"start":{"line":123,"column":8},"end":{"line":141,"column":11},"skip":true},"35":{"start":{"line":124,"column":12},"end":{"line":124,"column":54},"skip":true},"36":{"start":{"line":125,"column":12},"end":{"line":140,"column":14},"skip":true},"37":{"start":{"line":126,"column":16},"end":{"line":126,"column":28},"skip":true},"38":{"start":{"line":127,"column":16},"end":{"line":127,"column":69},"skip":true},"39":{"start":{"line":128,"column":16},"end":{"line":128,"column":75},"skip":true},"40":{"start":{"line":129,"column":16},"end":{"line":131,"column":17},"skip":true},"41":{"start":{"line":130,"column":20},"end":{"line":130,"column":27},"skip":true},"42":{"start":{"line":133,"column":16},"end":{"line":137,"column":36},"skip":true},"43":{"start":{"line":134,"column":20},"end":{"line":136,"column":55},"skip":true},"44":{"start":{"line":139,"column":16},"end":{"line":139,"column":57},"skip":true},"45":{"start":{"line":143,"column":8},"end":{"line":147,"column":11},"skip":true},"46":{"start":{"line":144,"column":12},"end":{"line":146,"column":15},"skip":true},"47":{"start":{"line":145,"column":16},"end":{"line":145,"column":70},"skip":true},"48":{"start":{"line":149,"column":8},"end":{"line":149,"column":31},"skip":true},"49":{"start":{"line":150,"column":8},"end":{"line":150,"column":14},"skip":true},"50":{"start":{"line":158,"column":8},"end":{"line":158,"column":31},"skip":true},"51":{"start":{"line":160,"column":8},"end":{"line":160,"column":33},"skip":true},"52":{"start":{"line":161,"column":8},"end":{"line":161,"column":37},"skip":true},"53":{"start":{"line":162,"column":8},"end":{"line":162,"column":35},"skip":true},"54":{"start":{"line":164,"column":8},"end":{"line":164,"column":50},"skip":true},"55":{"start":{"line":166,"column":8},"end":{"line":256,"column":2},"skip":true},"56":{"start":{"line":258,"column":8},"end":{"line":286,"column":9},"skip":true},"57":{"start":{"line":259,"column":12},"end":{"line":269,"column":14},"skip":true},"58":{"start":{"line":271,"column":12},"end":{"line":285,"column":19},"skip":true},"59":{"start":{"line":274,"column":20},"end":{"line":274,"column":35},"skip":true},"60":{"start":{"line":275,"column":20},"end":{"line":284,"column":21},"skip":true},"61":{"start":{"line":277,"column":24},"end":{"line":277,"column":64},"skip":true},"62":{"start":{"line":279,"column":24},"end":{"line":279,"column":40},"skip":true},"63":{"start":{"line":281,"column":24},"end":{"line":281,"column":40},"skip":true},"64":{"start":{"line":283,"column":24},"end":{"line":283,"column":39},"skip":true},"65":{"start":{"line":288,"column":8},"end":{"line":290,"column":9},"skip":true},"66":{"start":{"line":289,"column":12},"end":{"line":289,"column":18},"skip":true},"67":{"start":{"line":291,"column":8},"end":{"line":293,"column":54},"skip":true},"68":{"start":{"line":294,"column":8},"end":{"line":301,"column":37},"skip":true},"69":{"start":{"line":302,"column":8},"end":{"line":302,"column":82},"skip":true},"70":{"start":{"line":305,"column":8},"end":{"line":307,"column":9},"skip":true},"71":{"start":{"line":306,"column":12},"end":{"line":306,"column":82},"skip":true},"72":{"start":{"line":309,"column":8},"end":{"line":311,"column":9},"skip":true},"73":{"start":{"line":310,"column":12},"end":{"line":310,"column":18},"skip":true},"74":{"start":{"line":312,"column":8},"end":{"line":312,"column":54},"skip":true},"75":{"start":{"line":313,"column":8},"end":{"line":313,"column":69},"skip":true},"76":{"start":{"line":314,"column":8},"end":{"line":322,"column":36},"skip":true},"77":{"start":{"line":315,"column":12},"end":{"line":315,"column":61},"skip":true},"78":{"start":{"line":316,"column":12},"end":{"line":319,"column":13},"skip":true},"79":{"start":{"line":317,"column":16},"end":{"line":317,"column":75},"skip":true},"80":{"start":{"line":318,"column":16},"end":{"line":318,"column":23},"skip":true},"81":{"start":{"line":320,"column":12},"end":{"line":320,"column":38},"skip":true},"82":{"start":{"line":321,"column":12},"end":{"line":321,"column":27},"skip":true},"83":{"start":{"line":323,"column":8},"end":{"line":323,"column":14},"skip":true}},"branchMap":{"1":{"line":39,"type":"binary-expr","locations":[{"start":{"line":39,"column":23},"end":{"line":39,"column":62}},{"start":{"line":40,"column":20},"end":{"line":40,"column":70}},{"start":{"line":41,"column":20},"end":{"line":41,"column":71}},{"start":{"line":42,"column":20},"end":{"line":42,"column":29}}]},"2":{"line":44,"type":"binary-expr","locations":[{"start":{"line":44,"column":23},"end":{"line":44,"column":37}},{"start":{"line":45,"column":20},"end":{"line":45,"column":61}},{"start":{"line":46,"column":20},"end":{"line":46,"column":70}},{"start":{"line":47,"column":20},"end":{"line":47,"column":26}}]},"3":{"line":51,"type":"cond-expr","locations":[{"start":{"line":52,"column":14},"end":{"line":52,"column":20}},{"start":{"line":53,"column":14},"end":{"line":53,"column":20}}]},"4":{"line":55,"type":"binary-expr","locations":[{"start":{"line":55,"column":16},"end":{"line":55,"column":44}},{"start":{"line":55,"column":49},"end":{"line":57,"column":43}}]},"5":{"line":55,"type":"cond-expr","locations":[{"start":{"line":56,"column":14},"end":{"line":56,"column":54}},{"start":{"line":57,"column":14},"end":{"line":57,"column":43}}]},"6":{"line":61,"type":"switch","locations":[{"start":{"line":68,"column":4},"end":{"line":150,"column":14},"skip":true},{"start":{"line":156,"column":4},"end":{"line":323,"column":14},"skip":true}]},"7":{"line":70,"type":"if","locations":[{"start":{"line":70,"column":12},"end":{"line":70,"column":12},"skip":true},{"start":{"line":70,"column":12},"end":{"line":70,"column":12},"skip":true}]},"8":{"line":70,"type":"binary-expr","locations":[{"start":{"line":70,"column":16},"end":{"line":70,"column":22},"skip":true},{"start":{"line":70,"column":27},"end":{"line":70,"column":32},"skip":true},{"start":{"line":71,"column":20},"end":{"line":71,"column":39},"skip":true},{"start":{"line":72,"column":20},"end":{"line":72,"column":49},"skip":true},{"start":{"line":73,"column":20},"end":{"line":73,"column":58},"skip":true},{"start":{"line":74,"column":20},"end":{"line":74,"column":69},"skip":true}]},"9":{"line":79,"type":"switch","locations":[{"start":{"line":80,"column":20},"end":{"line":80,"column":33},"skip":true},{"start":{"line":81,"column":20},"end":{"line":83,"column":30},"skip":true},{"start":{"line":84,"column":20},"end":{"line":85,"column":49},"skip":true}]},"10":{"line":89,"type":"switch","locations":[{"start":{"line":90,"column":12},"end":{"line":103,"column":22},"skip":true},{"start":{"line":105,"column":12},"end":{"line":106,"column":22},"skip":true}]},"11":{"line":89,"type":"binary-expr","locations":[{"start":{"line":89,"column":20},"end":{"line":89,"column":25},"skip":true},{"start":{"line":89,"column":29},"end":{"line":89,"column":48},"skip":true},{"start":{"line":89,"column":52},"end":{"line":89,"column":74},"skip":true}]},"12":{"line":92,"type":"if","locations":[{"start":{"line":92,"column":16},"end":{"line":92,"column":16},"skip":true},{"start":{"line":92,"column":16},"end":{"line":92,"column":16},"skip":true}]},"13":{"line":108,"type":"if","locations":[{"start":{"line":108,"column":12},"end":{"line":108,"column":12},"skip":true},{"start":{"line":108,"column":12},"end":{"line":108,"column":12},"skip":true}]},"14":{"line":108,"type":"binary-expr","locations":[{"start":{"line":108,"column":16},"end":{"line":108,"column":61},"skip":true},{"start":{"line":108,"column":66},"end":{"line":108,"column":72},"skip":true},{"start":{"line":108,"column":77},"end":{"line":108,"column":82},"skip":true},{"start":{"line":109,"column":20},"end":{"line":109,"column":39},"skip":true},{"start":{"line":110,"column":20},"end":{"line":110,"column":49},"skip":true},{"start":{"line":111,"column":20},"end":{"line":111,"column":58},"skip":true},{"start":{"line":112,"column":20},"end":{"line":112,"column":68},"skip":true}]},"15":{"line":129,"type":"if","locations":[{"start":{"line":129,"column":16},"end":{"line":129,"column":16},"skip":true},{"start":{"line":129,"column":16},"end":{"line":129,"column":16},"skip":true}]},"16":{"line":134,"type":"cond-expr","locations":[{"start":{"line":135,"column":26},"end":{"line":135,"column":29},"skip":true},{"start":{"line":136,"column":26},"end":{"line":136,"column":54},"skip":true}]},"17":{"line":164,"type":"binary-expr","locations":[{"start":{"line":164,"column":27},"end":{"line":164,"column":43},"skip":true},{"start":{"line":164,"column":47},"end":{"line":164,"column":49},"skip":true}]},"18":{"line":258,"type":"if","locations":[{"start":{"line":258,"column":8},"end":{"line":258,"column":8},"skip":true},{"start":{"line":258,"column":8},"end":{"line":258,"column":8},"skip":true}]},"19":{"line":275,"type":"switch","locations":[{"start":{"line":276,"column":20},"end":{"line":277,"column":64},"skip":true},{"start":{"line":278,"column":20},"end":{"line":279,"column":40},"skip":true},{"start":{"line":280,"column":20},"end":{"line":281,"column":40},"skip":true},{"start":{"line":282,"column":20},"end":{"line":283,"column":39},"skip":true}]},"20":{"line":288,"type":"if","locations":[{"start":{"line":288,"column":8},"end":{"line":288,"column":8},"skip":true},{"start":{"line":288,"column":8},"end":{"line":288,"column":8},"skip":true}]},"21":{"line":288,"type":"binary-expr","locations":[{"start":{"line":288,"column":12},"end":{"line":288,"column":40},"skip":true},{"start":{"line":288,"column":44},"end":{"line":288,"column":67},"skip":true}]},"22":{"line":292,"type":"binary-expr","locations":[{"start":{"line":292,"column":12},"end":{"line":292,"column":50},"skip":true},{"start":{"line":293,"column":12},"end":{"line":293,"column":53},"skip":true}]},"23":{"line":295,"type":"binary-expr","locations":[{"start":{"line":295,"column":12},"end":{"line":295,"column":68},"skip":true},{"start":{"line":296,"column":12},"end":{"line":301,"column":36},"skip":true}]},"24":{"line":302,"type":"binary-expr","locations":[{"start":{"line":302,"column":43},"end":{"line":302,"column":75},"skip":true},{"start":{"line":302,"column":79},"end":{"line":302,"column":81},"skip":true}]},"25":{"line":305,"type":"if","locations":[{"start":{"line":305,"column":8},"end":{"line":305,"column":8},"skip":true},{"start":{"line":305,"column":8},"end":{"line":305,"column":8},"skip":true}]},"26":{"line":309,"type":"if","locations":[{"start":{"line":309,"column":8},"end":{"line":309,"column":8},"skip":true},{"start":{"line":309,"column":8},"end":{"line":309,"column":8},"skip":true}]},"27":{"line":312,"type":"binary-expr","locations":[{"start":{"line":312,"column":27},"end":{"line":312,"column":43},"skip":true},{"start":{"line":312,"column":47},"end":{"line":312,"column":53},"skip":true}]},"28":{"line":316,"type":"if","locations":[{"start":{"line":316,"column":12},"end":{"line":316,"column":12},"skip":true},{"start":{"line":316,"column":12},"end":{"line":316,"column":12},"skip":true}]}},"code":["/*","example.js","","quickstart example","","instruction","    1. save this script as example.js","    2. run the shell command:","        $ npm install npmtest-styled-jsx && PORT=8081 node example.js","    3. play with the browser-demo on http://127.0.0.1:8081","*/","","","","/* istanbul instrument in package npmtest_styled_jsx */","/*jslint","    bitwise: true,","    browser: true,","    maxerr: 8,","    maxlen: 96,","    node: true,","    nomen: true,","    regexp: true,","    stupid: true","*/","(function () {","    'use strict';","    var local;","","","","    // run shared js-env code - pre-init","    (function () {","        // init local","        local = {};","        // init modeJs","        local.modeJs = (function () {","            try {","                return typeof navigator.userAgent === 'string' &&","                    typeof document.querySelector('body') === 'object' &&","                    typeof XMLHttpRequest.prototype.open === 'function' &&","                    'browser';","            } catch (errorCaughtBrowser) {","                return module.exports &&","                    typeof process.versions.node === 'string' &&","                    typeof require('http').createServer === 'function' &&","                    'node';","            }","        }());","        // init global","        local.global = local.modeJs === 'browser'","            ? window","            : global;","        // init utility2_rollup","        local = local.global.utility2_rollup || (local.modeJs === 'browser'","            ? local.global.utility2_npmtest_styled_jsx","            : global.utility2_moduleExports);","        // export local","        local.global.local = local;","    }());","    switch (local.modeJs) {","","","","    // post-init","    // run browser js-env code - post-init","    /* istanbul ignore next */","    case 'browser':","        local.testRunBrowser = function (event) {","            if (!event || (event &&","                    event.currentTarget &&","                    event.currentTarget.className &&","                    event.currentTarget.className.includes &&","                    event.currentTarget.className.includes('onreset'))) {","                // reset output","                Array.from(","                    document.querySelectorAll('body > .resettable')","                ).forEach(function (element) {","                    switch (element.tagName) {","                    case 'INPUT':","                    case 'TEXTAREA':","                        element.value = '';","                        break;","                    default:","                        element.textContent = '';","                    }","                });","            }","            switch (event && event.currentTarget && event.currentTarget.id) {","            case 'testRunButton1':","                // show tests","                if (document.querySelector('#testReportDiv1').style.display === 'none') {","                    document.querySelector('#testReportDiv1').style.display = 'block';","                    document.querySelector('#testRunButton1').textContent =","                        'hide internal test';","                    local.modeTest = true;","                    local.testRunDefault(local);","                // hide tests","                } else {","                    document.querySelector('#testReportDiv1').style.display = 'none';","                    document.querySelector('#testRunButton1').textContent = 'run internal test';","                }","                break;","            // custom-case","            default:","                break;","            }","            if (document.querySelector('#inputTextareaEval1') && (!event || (event &&","                    event.currentTarget &&","                    event.currentTarget.className &&","                    event.currentTarget.className.includes &&","                    event.currentTarget.className.includes('oneval')))) {","                // try to eval input-code","                try {","                    /*jslint evil: true*/","                    eval(document.querySelector('#inputTextareaEval1').value);","                } catch (errorCaught) {","                    console.error(errorCaught);","                }","            }","        };","        // log stderr and stdout to #outputTextareaStdout1","        ['error', 'log'].forEach(function (key) {","            console[key + '_original'] = console[key];","            console[key] = function () {","                var element;","                console[key + '_original'].apply(console, arguments);","                element = document.querySelector('#outputTextareaStdout1');","                if (!element) {","                    return;","                }","                // append text to #outputTextareaStdout1","                element.value += Array.from(arguments).map(function (arg) {","                    return typeof arg === 'string'","                        ? arg","                        : JSON.stringify(arg, null, 4);","                }).join(' ') + '\\n';","                // scroll textarea to bottom","                element.scrollTop = element.scrollHeight;","            };","        });","        // init event-handling","        ['change', 'click', 'keyup'].forEach(function (event) {","            Array.from(document.querySelectorAll('.on' + event)).forEach(function (element) {","                element.addEventListener(event, local.testRunBrowser);","            });","        });","        // run tests","        local.testRunBrowser();","        break;","","","","    // run node js-env code - post-init","    /* istanbul ignore next */","    case 'node':","        // export local","        module.exports = local;","        // require modules","        local.fs = require('fs');","        local.http = require('http');","        local.url = require('url');","        // init assets","        local.assetsDict = local.assetsDict || {};","        /* jslint-ignore-begin */","        local.assetsDict['/assets.index.template.html'] = '\\","<!doctype html>\\n\\","<html lang=\"en\">\\n\\","<head>\\n\\","<meta charset=\"UTF-8\">\\n\\","<meta name=\"viewport\" content=\"width=device-width, initial-scale=1\">\\n\\","<title>{{env.npm_package_name}} (v{{env.npm_package_version}})</title>\\n\\","<style>\\n\\","/*csslint\\n\\","    box-sizing: false,\\n\\","    universal-selector: false\\n\\","*/\\n\\","* {\\n\\","    box-sizing: border-box;\\n\\","}\\n\\","body {\\n\\","    background: #dde;\\n\\","    font-family: Arial, Helvetica, sans-serif;\\n\\","    margin: 2rem;\\n\\","}\\n\\","body > * {\\n\\","    margin-bottom: 1rem;\\n\\","}\\n\\",".utility2FooterDiv {\\n\\","    margin-top: 20px;\\n\\","    text-align: center;\\n\\","}\\n\\","</style>\\n\\","<style>\\n\\","/*csslint\\n\\","*/\\n\\","textarea {\\n\\","    font-family: monospace;\\n\\","    height: 10rem;\\n\\","    width: 100%;\\n\\","}\\n\\","textarea[readonly] {\\n\\","    background: #ddd;\\n\\","}\\n\\","</style>\\n\\","</head>\\n\\","<body>\\n\\","<!-- utility2-comment\\n\\","<div id=\"ajaxProgressDiv1\" style=\"background: #d00; height: 2px; left: 0; margin: 0; padding: 0; position: fixed; top: 0; transition: background 0.5s, width 1.5s; width: 25%;\"></div>\\n\\","utility2-comment -->\\n\\","<h1>\\n\\","<!-- utility2-comment\\n\\","    <a\\n\\","        {{#if env.npm_package_homepage}}\\n\\","        href=\"{{env.npm_package_homepage}}\"\\n\\","        {{/if env.npm_package_homepage}}\\n\\","        target=\"_blank\"\\n\\","    >\\n\\","utility2-comment -->\\n\\","        {{env.npm_package_name}} (v{{env.npm_package_version}})\\n\\","<!-- utility2-comment\\n\\","    </a>\\n\\","utility2-comment -->\\n\\","</h1>\\n\\","<h3>{{env.npm_package_description}}</h3>\\n\\","<!-- utility2-comment\\n\\","<h4><a download href=\"assets.app.js\">download standalone app</a></h4>\\n\\","<button class=\"onclick onreset\" id=\"testRunButton1\">run internal test</button><br>\\n\\","<div id=\"testReportDiv1\" style=\"display: none;\"></div>\\n\\","utility2-comment -->\\n\\","\\n\\","\\n\\","\\n\\","<label>stderr and stdout</label>\\n\\","<textarea class=\"resettable\" id=\"outputTextareaStdout1\" readonly></textarea>\\n\\","<!-- utility2-comment\\n\\","{{#if isRollup}}\\n\\","<script src=\"assets.app.js\"></script>\\n\\","{{#unless isRollup}}\\n\\","utility2-comment -->\\n\\","<script src=\"assets.utility2.rollup.js\"></script>\\n\\","<script src=\"jsonp.utility2._stateInit?callback=window.utility2._stateInit\"></script>\\n\\","<script src=\"assets.npmtest_styled_jsx.rollup.js\"></script>\\n\\","<script src=\"assets.example.js\"></script>\\n\\","<script src=\"assets.test.js\"></script>\\n\\","<!-- utility2-comment\\n\\","{{/if isRollup}}\\n\\","utility2-comment -->\\n\\","<div class=\"utility2FooterDiv\">\\n\\","    [ this app was created with\\n\\","    <a href=\"https://github.com/kaizhu256/node-utility2\" target=\"_blank\">utility2</a>\\n\\","    ]\\n\\","</div>\\n\\","</body>\\n\\","</html>\\n\\","';","        /* jslint-ignore-end */","        if (local.templateRender) {","            local.assetsDict['/'] = local.templateRender(","                local.assetsDict['/assets.index.template.html'],","                {","                    env: local.objectSetDefault(local.env, {","                        npm_package_description: 'the greatest app in the world!',","                        npm_package_name: 'my-app',","                        npm_package_nameAlias: 'my_app',","                        npm_package_version: '0.0.1'","                    })","                }","            );","        } else {","            local.assetsDict['/'] = local.assetsDict['/assets.index.template.html']","                .replace((/\\{\\{env\\.(\\w+?)\\}\\}/g), function (match0, match1) {","                    // jslint-hack","                    String(match0);","                    switch (match1) {","                    case 'npm_package_description':","                        return 'the greatest app in the world!';","                    case 'npm_package_name':","                        return 'my-app';","                    case 'npm_package_nameAlias':","                        return 'my_app';","                    case 'npm_package_version':","                        return '0.0.1';","                    }","                });","        }","        // run the cli","        if (local.global.utility2_rollup || module !== require.main) {","            break;","        }","        local.assetsDict['/assets.example.js'] =","            local.assetsDict['/assets.example.js'] ||","            local.fs.readFileSync(__filename, 'utf8');","        local.assetsDict['/assets.npmtest_styled_jsx.rollup.js'] =","            local.assetsDict['/assets.npmtest_styled_jsx.rollup.js'] ||","            local.fs.readFileSync(","                // buildCustomOrg-hack","                local.npmtest_styled_jsx.__dirname +","                    '/lib.npmtest_styled_jsx.js',","                'utf8'","            ).replace((/^#!/), '//');","        local.assetsDict['/favicon.ico'] = local.assetsDict['/favicon.ico'] || '';","        // if $npm_config_timeout_exit exists,","        // then exit this process after $npm_config_timeout_exit ms","        if (Number(process.env.npm_config_timeout_exit)) {","            setTimeout(process.exit, Number(process.env.npm_config_timeout_exit));","        }","        // start server","        if (local.global.utility2_serverHttp1) {","            break;","        }","        process.env.PORT = process.env.PORT || '8081';","        console.error('server starting on port ' + process.env.PORT);","        local.http.createServer(function (request, response) {","            request.urlParsed = local.url.parse(request.url);","            if (local.assetsDict[request.urlParsed.pathname] !== undefined) {","                response.end(local.assetsDict[request.urlParsed.pathname]);","                return;","            }","            response.statusCode = 404;","            response.end();","        }).listen(process.env.PORT);","        break;","    }","}());",""],"l":{"26":2,"28":2,"33":2,"35":2,"37":2,"38":2,"39":2,"44":1,"51":2,"55":2,"59":2,"61":2,"69":1,"70":2,"76":2,"79":2,"82":2,"83":2,"85":1,"89":2,"92":1,"93":1,"94":1,"96":1,"97":1,"100":1,"101":1,"103":1,"106":1,"108":2,"114":1,"116":1,"118":1,"123":1,"124":2,"125":2,"126":3,"127":3,"128":3,"129":3,"130":1,"133":3,"134":3,"139":3,"143":1,"144":3,"145":1,"149":1,"150":1,"158":1,"160":1,"161":1,"162":1,"164":1,"166":1,"258":1,"259":1,"271":1,"274":6,"275":6,"277":1,"279":2,"281":1,"283":2,"288":1,"289":1,"291":1,"294":1,"302":1,"305":1,"306":1,"309":1,"310":1,"312":1,"313":1,"314":1,"315":1,"316":1,"317":1,"318":1,"320":1,"321":1,"323":1}},"/home/travis/build/npmtest/node-npmtest-styled-jsx/node_modules/styled-jsx/babel.js":{"path":"/home/travis/build/npmtest/node-npmtest-styled-jsx/node_modules/styled-jsx/babel.js","s":{"1":1},"b":{},"f":{},"fnMap":{},"statementMap":{"1":{"start":{"line":1,"column":0},"end":{"line":1,"column":40}}},"branchMap":{},"code":["module.exports = require('./dist/babel')",""],"l":{"1":1}},"/home/travis/build/npmtest/node-npmtest-styled-jsx/node_modules/styled-jsx/dist/babel.js":{"path":"/home/travis/build/npmtest/node-npmtest-styled-jsx/node_modules/styled-jsx/dist/babel.js","s":{"1":1,"2":1,"3":1,"4":0,"5":0,"6":0,"7":0,"8":0,"9":0,"10":0,"11":0,"12":0,"13":0,"14":0,"15":0,"16":0,"17":0,"18":0,"19":0,"20":0,"21":1,"22":0,"23":0,"24":0,"25":0,"26":0,"27":1,"28":0,"29":0,"30":0,"31":0,"32":0,"33":0,"34":0,"35":0,"36":0,"37":0,"38":0,"39":0,"40":0,"41":0,"42":0,"43":0,"44":0,"45":0,"46":0,"47":0,"48":0,"49":0,"50":0,"51":0,"52":0,"53":0,"54":0,"55":0,"56":0,"57":0,"58":0,"59":0,"60":0,"61":0,"62":0,"63":0,"64":0,"65":0,"66":0,"67":0,"68":0,"69":0,"70":0,"71":0,"72":0,"73":0,"74":0,"75":0,"76":0,"77":0,"78":0,"79":0,"80":0,"81":0,"82":0,"83":0,"84":0,"85":0,"86":0,"87":0,"88":0,"89":0,"90":0,"91":0,"92":0,"93":0,"94":0,"95":0,"96":0,"97":0,"98":0,"99":0,"100":0,"101":0,"102":0,"103":0,"104":0,"105":0,"106":0,"107":0,"108":0,"109":0,"110":0,"111":0,"112":0,"113":0,"114":0,"115":0,"116":0,"117":0,"118":0,"119":0,"120":0,"121":0,"122":0,"123":0,"124":0,"125":0,"126":0,"127":0,"128":0,"129":0,"130":0,"131":0,"132":0,"133":0,"134":0,"135":0,"136":0,"137":0,"138":0,"139":0,"140":0,"141":0,"142":0,"143":0,"144":0,"145":0,"146":0,"147":0,"148":0,"149":0,"150":0,"151":0,"152":0,"153":0,"154":0,"155":0,"156":0,"157":0,"158":0,"159":0,"160":0,"161":0,"162":0,"163":0,"164":0,"165":0,"166":0,"167":0,"168":0,"169":1,"170":1,"171":1,"172":1,"173":1,"174":1,"175":1,"176":1,"177":1,"178":1,"179":1,"180":1,"181":1,"182":1,"183":1,"184":6,"185":1,"186":1,"187":1,"188":1,"189":1,"190":1},"b":{"1":[0,0],"2":[0,0],"3":[0,0],"4":[0,0],"5":[0,0],"6":[0,0],"7":[0,0],"8":[0,0],"9":[0,0,0],"10":[0,0],"11":[0,0],"12":[0,0],"13":[0,0,0,0],"14":[0,0],"15":[0,0],"16":[0,0],"17":[0,0],"18":[0,0],"19":[0,0],"20":[0,0],"21":[0,0],"22":[0,0],"23":[0,0,0,0],"24":[0,0],"25":[0,0],"26":[0,0],"27":[0,0],"28":[0,0],"29":[0,0],"30":[0,0],"31":[0,0],"32":[0,0],"33":[0,0,0],"34":[0,0,0],"35":[0,0],"36":[0,0],"37":[0,0],"38":[0,0],"39":[0,0],"40":[0,0],"41":[0,0],"42":[0,0],"43":[0,0],"44":[0,0],"45":[0,0,0],"46":[0,0],"47":[0,0],"48":[0,0],"49":[0,0],"50":[0,0],"51":[0,0],"52":[0,0],"53":[0,0],"54":[0,0],"55":[0,0],"56":[1,5],"57":[6,6]},"f":{"1":1,"2":0,"3":0,"4":0,"5":0,"6":0,"7":0,"8":0,"9":0,"10":0,"11":0,"12":0,"13":0,"14":0,"15":0,"16":0,"17":0,"18":0,"19":0,"20":0,"21":0,"22":0,"23":0,"24":0,"25":0,"26":0,"27":6},"fnMap":{"1":{"name":"(anonymous_1)","line":7,"loc":{"start":{"line":7,"column":21},"end":{"line":7,"column":33}}},"2":{"name":"sliceIterator","line":7,"loc":{"start":{"line":7,"column":35},"end":{"line":7,"column":66}}},"3":{"name":"(anonymous_3)","line":7,"loc":{"start":{"line":7,"column":436},"end":{"line":7,"column":454}}},"4":{"name":"(anonymous_4)","line":13,"loc":{"start":{"line":13,"column":18},"end":{"line":13,"column":34}}},"5":{"name":"isGlobalEl","line":16,"loc":{"start":{"line":16,"column":19},"end":{"line":16,"column":43}}},"6":{"name":"(anonymous_6)","line":17,"loc":{"start":{"line":17,"column":30},"end":{"line":17,"column":47}}},"7":{"name":"isStyledJsx","line":23,"loc":{"start":{"line":23,"column":20},"end":{"line":23,"column":48}}},"8":{"name":"(anonymous_8)","line":25,"loc":{"start":{"line":25,"column":110},"end":{"line":25,"column":126}}},"9":{"name":"findStyles","line":30,"loc":{"start":{"line":30,"column":19},"end":{"line":30,"column":45}}},"10":{"name":"MemberExpression","line":44,"loc":{"start":{"line":44,"column":22},"end":{"line":44,"column":54}}},"11":{"name":"Identifier","line":51,"loc":{"start":{"line":51,"column":16},"end":{"line":51,"column":49}}},"12":{"name":"getExpressionText","line":60,"loc":{"start":{"line":60,"column":26},"end":{"line":60,"column":59}}},"13":{"name":"(anonymous_13)","line":89,"loc":{"start":{"line":89,"column":39},"end":{"line":89,"column":56}}},"14":{"name":"(anonymous_14)","line":95,"loc":{"start":{"line":95,"column":12},"end":{"line":95,"column":28}}},"15":{"name":"(anonymous_15)","line":101,"loc":{"start":{"line":101,"column":39},"end":{"line":101,"column":77}}},"16":{"name":"makeStyledJsxTag","line":113,"loc":{"start":{"line":113,"column":25},"end":{"line":113,"column":90}}},"17":{"name":"TemplateLiteral","line":118,"loc":{"start":{"line":118,"column":25},"end":{"line":118,"column":56}}},"18":{"name":"JSXOpeningElement","line":134,"loc":{"start":{"line":134,"column":25},"end":{"line":134,"column":65}}},"19":{"name":"enter","line":194,"loc":{"start":{"line":194,"column":15},"end":{"line":194,"column":43}}},"20":{"name":"(anonymous_20)","line":207,"loc":{"start":{"line":207,"column":39},"end":{"line":207,"column":55}}},"21":{"name":"(anonymous_21)","line":220,"loc":{"start":{"line":220,"column":58},"end":{"line":220,"column":71}}},"22":{"name":"(anonymous_22)","line":266,"loc":{"start":{"line":266,"column":67},"end":{"line":266,"column":80}}},"23":{"name":"exit","line":273,"loc":{"start":{"line":273,"column":14},"end":{"line":273,"column":41}}},"24":{"name":"(anonymous_24)","line":313,"loc":{"start":{"line":313,"column":53},"end":{"line":313,"column":99}}},"25":{"name":"enter","line":323,"loc":{"start":{"line":323,"column":15},"end":{"line":323,"column":43}}},"26":{"name":"exit","line":328,"loc":{"start":{"line":328,"column":14},"end":{"line":328,"column":42}}},"27":{"name":"_interopRequireDefault","line":373,"loc":{"start":{"line":373,"column":0},"end":{"line":373,"column":37}}}},"statementMap":{"1":{"start":{"line":3,"column":0},"end":{"line":5,"column":3}},"2":{"start":{"line":7,"column":0},"end":{"line":7,"column":664}},"3":{"start":{"line":7,"column":35},"end":{"line":7,"column":428}},"4":{"start":{"line":7,"column":68},"end":{"line":7,"column":82}},"5":{"start":{"line":7,"column":83},"end":{"line":7,"column":97}},"6":{"start":{"line":7,"column":98},"end":{"line":7,"column":113}},"7":{"start":{"line":7,"column":114},"end":{"line":7,"column":133}},"8":{"start":{"line":7,"column":134},"end":{"line":7,"column":413}},"9":{"start":{"line":7,"column":140},"end":{"line":7,"column":283}},"10":{"start":{"line":7,"column":226},"end":{"line":7,"column":246}},"11":{"start":{"line":7,"column":247},"end":{"line":7,"column":281}},"12":{"start":{"line":7,"column":275},"end":{"line":7,"column":281}},"13":{"start":{"line":7,"column":300},"end":{"line":7,"column":310}},"14":{"start":{"line":7,"column":311},"end":{"line":7,"column":320}},"15":{"start":{"line":7,"column":333},"end":{"line":7,"column":411}},"16":{"start":{"line":7,"column":339},"end":{"line":7,"column":379}},"17":{"start":{"line":7,"column":364},"end":{"line":7,"column":379}},"18":{"start":{"line":7,"column":392},"end":{"line":7,"column":409}},"19":{"start":{"line":7,"column":400},"end":{"line":7,"column":409}},"20":{"start":{"line":7,"column":414},"end":{"line":7,"column":426}},"21":{"start":{"line":7,"column":429},"end":{"line":7,"column":659}},"22":{"start":{"line":7,"column":456},"end":{"line":7,"column":656}},"23":{"start":{"line":7,"column":482},"end":{"line":7,"column":493}},"24":{"start":{"line":7,"column":501},"end":{"line":7,"column":656}},"25":{"start":{"line":7,"column":539},"end":{"line":7,"column":568}},"26":{"start":{"line":7,"column":578},"end":{"line":7,"column":654}},"27":{"start":{"line":13,"column":0},"end":{"line":343,"column":2}},"28":{"start":{"line":14,"column":2},"end":{"line":14,"column":21}},"29":{"start":{"line":16,"column":2},"end":{"line":21,"column":4}},"30":{"start":{"line":17,"column":4},"end":{"line":20,"column":7}},"31":{"start":{"line":18,"column":6},"end":{"line":18,"column":28}},"32":{"start":{"line":19,"column":6},"end":{"line":19,"column":52}},"33":{"start":{"line":23,"column":2},"end":{"line":28,"column":4}},"34":{"start":{"line":24,"column":4},"end":{"line":24,"column":24}},"35":{"start":{"line":25,"column":4},"end":{"line":27,"column":7}},"36":{"start":{"line":26,"column":6},"end":{"line":26,"column":48}},"37":{"start":{"line":30,"column":2},"end":{"line":38,"column":4}},"38":{"start":{"line":31,"column":4},"end":{"line":35,"column":5}},"39":{"start":{"line":32,"column":6},"end":{"line":32,"column":27}},"40":{"start":{"line":34,"column":6},"end":{"line":34,"column":59}},"41":{"start":{"line":37,"column":4},"end":{"line":37,"column":52}},"42":{"start":{"line":43,"column":2},"end":{"line":58,"column":4}},"43":{"start":{"line":45,"column":6},"end":{"line":45,"column":27}},"44":{"start":{"line":47,"column":6},"end":{"line":49,"column":7}},"45":{"start":{"line":48,"column":8},"end":{"line":48,"column":229}},"46":{"start":{"line":52,"column":6},"end":{"line":52,"column":32}},"47":{"start":{"line":54,"column":6},"end":{"line":56,"column":7}},"48":{"start":{"line":55,"column":8},"end":{"line":55,"column":326}},"49":{"start":{"line":60,"column":2},"end":{"line":111,"column":4}},"50":{"start":{"line":61,"column":4},"end":{"line":61,"column":25}},"51":{"start":{"line":64,"column":4},"end":{"line":66,"column":5}},"52":{"start":{"line":65,"column":6},"end":{"line":65,"column":24}},"53":{"start":{"line":68,"column":4},"end":{"line":68,"column":46}},"54":{"start":{"line":71,"column":4},"end":{"line":73,"column":5}},"55":{"start":{"line":72,"column":6},"end":{"line":72,"column":41}},"56":{"start":{"line":89,"column":4},"end":{"line":97,"column":7}},"57":{"start":{"line":90,"column":6},"end":{"line":94,"column":8}},"58":{"start":{"line":96,"column":6},"end":{"line":96,"column":49}},"59":{"start":{"line":99,"column":4},"end":{"line":99,"column":47}},"60":{"start":{"line":101,"column":4},"end":{"line":104,"column":15}},"61":{"start":{"line":102,"column":6},"end":{"line":102,"column":90}},"62":{"start":{"line":103,"column":6},"end":{"line":103,"column":20}},"63":{"start":{"line":106,"column":4},"end":{"line":110,"column":6}},"64":{"start":{"line":113,"column":2},"end":{"line":129,"column":4}},"65":{"start":{"line":114,"column":4},"end":{"line":114,"column":21}},"66":{"start":{"line":115,"column":4},"end":{"line":126,"column":5}},"67":{"start":{"line":117,"column":6},"end":{"line":123,"column":9}},"68":{"start":{"line":119,"column":10},"end":{"line":121,"column":11}},"69":{"start":{"line":120,"column":12},"end":{"line":120,"column":28}},"70":{"start":{"line":125,"column":6},"end":{"line":125,"column":44}},"71":{"start":{"line":128,"column":4},"end":{"line":128,"column":283}},"72":{"start":{"line":131,"column":2},"end":{"line":342,"column":4}},"73":{"start":{"line":135,"column":8},"end":{"line":135,"column":27}},"74":{"start":{"line":137,"column":8},"end":{"line":138,"column":30}},"75":{"start":{"line":140,"column":8},"end":{"line":142,"column":9}},"76":{"start":{"line":141,"column":10},"end":{"line":141,"column":17}},"77":{"start":{"line":144,"column":8},"end":{"line":151,"column":9}},"78":{"start":{"line":150,"column":10},"end":{"line":150,"column":34}},"79":{"start":{"line":153,"column":8},"end":{"line":187,"column":9}},"80":{"start":{"line":154,"column":10},"end":{"line":154,"column":47}},"81":{"start":{"line":155,"column":10},"end":{"line":155,"column":40}},"82":{"start":{"line":156,"column":10},"end":{"line":156,"column":41}},"83":{"start":{"line":158,"column":10},"end":{"line":183,"column":11}},"84":{"start":{"line":159,"column":12},"end":{"line":169,"column":13}},"85":{"start":{"line":160,"column":14},"end":{"line":160,"column":43}},"86":{"start":{"line":162,"column":14},"end":{"line":164,"column":15}},"87":{"start":{"line":163,"column":16},"end":{"line":163,"column":25}},"88":{"start":{"line":165,"column":14},"end":{"line":168,"column":15}},"89":{"start":{"line":167,"column":16},"end":{"line":167,"column":23}},"90":{"start":{"line":171,"column":12},"end":{"line":171,"column":37}},"91":{"start":{"line":172,"column":12},"end":{"line":172,"column":33}},"92":{"start":{"line":174,"column":12},"end":{"line":182,"column":13}},"93":{"start":{"line":175,"column":14},"end":{"line":177,"column":15}},"94":{"start":{"line":176,"column":16},"end":{"line":176,"column":35}},"95":{"start":{"line":179,"column":14},"end":{"line":181,"column":15}},"96":{"start":{"line":180,"column":16},"end":{"line":180,"column":37}},"97":{"start":{"line":185,"column":10},"end":{"line":185,"column":128}},"98":{"start":{"line":186,"column":10},"end":{"line":186,"column":35}},"99":{"start":{"line":189,"column":8},"end":{"line":189,"column":30}},"100":{"start":{"line":195,"column":10},"end":{"line":197,"column":11}},"101":{"start":{"line":196,"column":12},"end":{"line":196,"column":19}},"102":{"start":{"line":199,"column":10},"end":{"line":199,"column":40}},"103":{"start":{"line":201,"column":10},"end":{"line":203,"column":11}},"104":{"start":{"line":202,"column":12},"end":{"line":202,"column":19}},"105":{"start":{"line":205,"column":10},"end":{"line":205,"column":28}},"106":{"start":{"line":207,"column":10},"end":{"line":209,"column":28}},"107":{"start":{"line":208,"column":12},"end":{"line":208,"column":108}},"108":{"start":{"line":211,"column":10},"end":{"line":211,"column":48}},"109":{"start":{"line":212,"column":10},"end":{"line":212,"column":41}},"110":{"start":{"line":213,"column":10},"end":{"line":213,"column":42}},"111":{"start":{"line":215,"column":10},"end":{"line":264,"column":11}},"112":{"start":{"line":216,"column":12},"end":{"line":250,"column":13}},"113":{"start":{"line":217,"column":14},"end":{"line":217,"column":39}},"114":{"start":{"line":220,"column":14},"end":{"line":224,"column":17}},"115":{"start":{"line":221,"column":16},"end":{"line":223,"column":66}},"116":{"start":{"line":226,"column":14},"end":{"line":228,"column":15}},"117":{"start":{"line":227,"column":16},"end":{"line":227,"column":172}},"118":{"start":{"line":230,"column":14},"end":{"line":230,"column":38}},"119":{"start":{"line":232,"column":14},"end":{"line":234,"column":15}},"120":{"start":{"line":233,"column":16},"end":{"line":233,"column":181}},"121":{"start":{"line":236,"column":14},"end":{"line":236,"column":55}},"122":{"start":{"line":238,"column":14},"end":{"line":240,"column":15}},"123":{"start":{"line":239,"column":16},"end":{"line":239,"column":213}},"124":{"start":{"line":244,"column":14},"end":{"line":244,"column":81}},"125":{"start":{"line":246,"column":14},"end":{"line":246,"column":60}},"126":{"start":{"line":247,"column":14},"end":{"line":247,"column":85}},"127":{"start":{"line":249,"column":14},"end":{"line":249,"column":75}},"128":{"start":{"line":252,"column":12},"end":{"line":252,"column":38}},"129":{"start":{"line":253,"column":12},"end":{"line":253,"column":34}},"130":{"start":{"line":255,"column":12},"end":{"line":263,"column":13}},"131":{"start":{"line":256,"column":14},"end":{"line":258,"column":15}},"132":{"start":{"line":257,"column":16},"end":{"line":257,"column":36}},"133":{"start":{"line":260,"column":14},"end":{"line":262,"column":15}},"134":{"start":{"line":261,"column":16},"end":{"line":261,"column":38}},"135":{"start":{"line":266,"column":10},"end":{"line":268,"column":23}},"136":{"start":{"line":267,"column":12},"end":{"line":267,"column":39}},"137":{"start":{"line":269,"column":10},"end":{"line":269,"column":35}},"138":{"start":{"line":270,"column":10},"end":{"line":270,"column":40}},"139":{"start":{"line":274,"column":10},"end":{"line":274,"column":62}},"140":{"start":{"line":276,"column":10},"end":{"line":278,"column":11}},"141":{"start":{"line":277,"column":12},"end":{"line":277,"column":37}},"142":{"start":{"line":280,"column":10},"end":{"line":282,"column":11}},"143":{"start":{"line":281,"column":12},"end":{"line":281,"column":19}},"144":{"start":{"line":286,"column":10},"end":{"line":290,"column":44}},"145":{"start":{"line":292,"column":10},"end":{"line":295,"column":11}},"146":{"start":{"line":293,"column":12},"end":{"line":293,"column":84}},"147":{"start":{"line":294,"column":12},"end":{"line":294,"column":19}},"148":{"start":{"line":297,"column":10},"end":{"line":297,"column":66}},"149":{"start":{"line":298,"column":10},"end":{"line":298,"column":38}},"150":{"start":{"line":300,"column":10},"end":{"line":310,"column":11}},"151":{"start":{"line":301,"column":12},"end":{"line":301,"column":58}},"152":{"start":{"line":302,"column":12},"end":{"line":305,"column":15}},"153":{"start":{"line":306,"column":12},"end":{"line":306,"column":66}},"154":{"start":{"line":307,"column":12},"end":{"line":307,"column":264}},"155":{"start":{"line":309,"column":12},"end":{"line":309,"column":101}},"156":{"start":{"line":312,"column":10},"end":{"line":317,"column":11}},"157":{"start":{"line":313,"column":12},"end":{"line":316,"column":31}},"158":{"start":{"line":314,"column":14},"end":{"line":314,"column":131}},"159":{"start":{"line":315,"column":14},"end":{"line":315,"column":36}},"160":{"start":{"line":319,"column":10},"end":{"line":319,"column":79}},"161":{"start":{"line":324,"column":10},"end":{"line":324,"column":35}},"162":{"start":{"line":325,"column":10},"end":{"line":325,"column":37}},"163":{"start":{"line":326,"column":10},"end":{"line":326,"column":41}},"164":{"start":{"line":329,"column":10},"end":{"line":330,"column":34}},"165":{"start":{"line":332,"column":10},"end":{"line":334,"column":11}},"166":{"start":{"line":333,"column":12},"end":{"line":333,"column":19}},"167":{"start":{"line":336,"column":10},"end":{"line":336,"column":150}},"168":{"start":{"line":338,"column":10},"end":{"line":338,"column":47}},"169":{"start":{"line":345,"column":0},"end":{"line":345,"column":63}},"170":{"start":{"line":347,"column":0},"end":{"line":347,"column":75}},"171":{"start":{"line":349,"column":0},"end":{"line":349,"column":41}},"172":{"start":{"line":351,"column":0},"end":{"line":351,"column":55}},"173":{"start":{"line":353,"column":0},"end":{"line":353,"column":39}},"174":{"start":{"line":355,"column":0},"end":{"line":355,"column":54}},"175":{"start":{"line":357,"column":0},"end":{"line":357,"column":67}},"176":{"start":{"line":359,"column":0},"end":{"line":359,"column":47}},"177":{"start":{"line":361,"column":0},"end":{"line":361,"column":61}},"178":{"start":{"line":363,"column":0},"end":{"line":363,"column":34}},"179":{"start":{"line":365,"column":0},"end":{"line":365,"column":58}},"180":{"start":{"line":367,"column":0},"end":{"line":367,"column":71}},"181":{"start":{"line":369,"column":0},"end":{"line":369,"column":56}},"182":{"start":{"line":371,"column":0},"end":{"line":371,"column":63}},"183":{"start":{"line":373,"column":0},"end":{"line":373,"column":95}},"184":{"start":{"line":373,"column":39},"end":{"line":373,"column":93}},"185":{"start":{"line":375,"column":0},"end":{"line":375,"column":28}},"186":{"start":{"line":376,"column":0},"end":{"line":376,"column":32}},"187":{"start":{"line":377,"column":0},"end":{"line":377,"column":34}},"188":{"start":{"line":378,"column":0},"end":{"line":378,"column":34}},"189":{"start":{"line":379,"column":0},"end":{"line":379,"column":35}},"190":{"start":{"line":380,"column":0},"end":{"line":380,"column":32}}},"branchMap":{"1":{"line":7,"type":"if","locations":[{"start":{"line":7,"column":247},"end":{"line":7,"column":247}},{"start":{"line":7,"column":247},"end":{"line":7,"column":247}}]},"2":{"line":7,"type":"binary-expr","locations":[{"start":{"line":7,"column":251},"end":{"line":7,"column":252}},{"start":{"line":7,"column":256},"end":{"line":7,"column":273}}]},"3":{"line":7,"type":"if","locations":[{"start":{"line":7,"column":339},"end":{"line":7,"column":339}},{"start":{"line":7,"column":339},"end":{"line":7,"column":339}}]},"4":{"line":7,"type":"binary-expr","locations":[{"start":{"line":7,"column":343},"end":{"line":7,"column":346}},{"start":{"line":7,"column":350},"end":{"line":7,"column":362}}]},"5":{"line":7,"type":"if","locations":[{"start":{"line":7,"column":392},"end":{"line":7,"column":392}},{"start":{"line":7,"column":392},"end":{"line":7,"column":392}}]},"6":{"line":7,"type":"if","locations":[{"start":{"line":7,"column":456},"end":{"line":7,"column":456}},{"start":{"line":7,"column":456},"end":{"line":7,"column":456}}]},"7":{"line":7,"type":"if","locations":[{"start":{"line":7,"column":501},"end":{"line":7,"column":501}},{"start":{"line":7,"column":501},"end":{"line":7,"column":501}}]},"8":{"line":19,"type":"binary-expr","locations":[{"start":{"line":19,"column":13},"end":{"line":19,"column":17}},{"start":{"line":19,"column":21},"end":{"line":19,"column":51}}]},"9":{"line":25,"type":"binary-expr","locations":[{"start":{"line":25,"column":11},"end":{"line":25,"column":29}},{"start":{"line":25,"column":33},"end":{"line":25,"column":72}},{"start":{"line":25,"column":76},"end":{"line":27,"column":6}}]},"10":{"line":31,"type":"if","locations":[{"start":{"line":31,"column":4},"end":{"line":31,"column":4}},{"start":{"line":31,"column":4},"end":{"line":31,"column":4}}]},"11":{"line":34,"type":"cond-expr","locations":[{"start":{"line":34,"column":47},"end":{"line":34,"column":53}},{"start":{"line":34,"column":56},"end":{"line":34,"column":58}}]},"12":{"line":47,"type":"if","locations":[{"start":{"line":47,"column":6},"end":{"line":47,"column":6}},{"start":{"line":47,"column":6},"end":{"line":47,"column":6}}]},"13":{"line":47,"type":"binary-expr","locations":[{"start":{"line":47,"column":10},"end":{"line":47,"column":41}},{"start":{"line":47,"column":45},"end":{"line":47,"column":74}},{"start":{"line":47,"column":79},"end":{"line":47,"column":109}},{"start":{"line":47,"column":113},"end":{"line":47,"column":143}}]},"14":{"line":54,"type":"if","locations":[{"start":{"line":54,"column":6},"end":{"line":54,"column":6}},{"start":{"line":54,"column":6},"end":{"line":54,"column":6}}]},"15":{"line":64,"type":"if","locations":[{"start":{"line":64,"column":4},"end":{"line":64,"column":4}},{"start":{"line":64,"column":4},"end":{"line":64,"column":4}}]},"16":{"line":71,"type":"if","locations":[{"start":{"line":71,"column":4},"end":{"line":71,"column":4}},{"start":{"line":71,"column":4},"end":{"line":71,"column":4}}]},"17":{"line":115,"type":"if","locations":[{"start":{"line":115,"column":4},"end":{"line":115,"column":4}},{"start":{"line":115,"column":4},"end":{"line":115,"column":4}}]},"18":{"line":119,"type":"if","locations":[{"start":{"line":119,"column":10},"end":{"line":119,"column":10}},{"start":{"line":119,"column":10},"end":{"line":119,"column":10}}]},"19":{"line":137,"type":"binary-expr","locations":[{"start":{"line":137,"column":20},"end":{"line":137,"column":27}},{"start":{"line":137,"column":31},"end":{"line":137,"column":33}}]},"20":{"line":140,"type":"if","locations":[{"start":{"line":140,"column":8},"end":{"line":140,"column":8}},{"start":{"line":140,"column":8},"end":{"line":140,"column":8}}]},"21":{"line":144,"type":"if","locations":[{"start":{"line":144,"column":8},"end":{"line":144,"column":8}},{"start":{"line":144,"column":8},"end":{"line":144,"column":8}}]},"22":{"line":153,"type":"if","locations":[{"start":{"line":153,"column":8},"end":{"line":153,"column":8}},{"start":{"line":153,"column":8},"end":{"line":153,"column":8}}]},"23":{"line":153,"type":"binary-expr","locations":[{"start":{"line":153,"column":12},"end":{"line":153,"column":16}},{"start":{"line":153,"column":20},"end":{"line":153,"column":36}},{"start":{"line":153,"column":40},"end":{"line":153,"column":64}},{"start":{"line":153,"column":68},"end":{"line":153,"column":115}}]},"24":{"line":162,"type":"if","locations":[{"start":{"line":162,"column":14},"end":{"line":162,"column":14}},{"start":{"line":162,"column":14},"end":{"line":162,"column":14}}]},"25":{"line":165,"type":"if","locations":[{"start":{"line":165,"column":14},"end":{"line":165,"column":14}},{"start":{"line":165,"column":14},"end":{"line":165,"column":14}}]},"26":{"line":165,"type":"binary-expr","locations":[{"start":{"line":165,"column":18},"end":{"line":165,"column":44}},{"start":{"line":165,"column":48},"end":{"line":165,"column":79}}]},"27":{"line":175,"type":"if","locations":[{"start":{"line":175,"column":14},"end":{"line":175,"column":14}},{"start":{"line":175,"column":14},"end":{"line":175,"column":14}}]},"28":{"line":175,"type":"binary-expr","locations":[{"start":{"line":175,"column":18},"end":{"line":175,"column":44}},{"start":{"line":175,"column":48},"end":{"line":175,"column":64}}]},"29":{"line":179,"type":"if","locations":[{"start":{"line":179,"column":14},"end":{"line":179,"column":14}},{"start":{"line":179,"column":14},"end":{"line":179,"column":14}}]},"30":{"line":195,"type":"if","locations":[{"start":{"line":195,"column":10},"end":{"line":195,"column":10}},{"start":{"line":195,"column":10},"end":{"line":195,"column":10}}]},"31":{"line":201,"type":"if","locations":[{"start":{"line":201,"column":10},"end":{"line":201,"column":10}},{"start":{"line":201,"column":10},"end":{"line":201,"column":10}}]},"32":{"line":207,"type":"binary-expr","locations":[{"start":{"line":207,"column":23},"end":{"line":209,"column":12}},{"start":{"line":209,"column":16},"end":{"line":209,"column":20}}]},"33":{"line":208,"type":"binary-expr","locations":[{"start":{"line":208,"column":19},"end":{"line":208,"column":47}},{"start":{"line":208,"column":51},"end":{"line":208,"column":83}},{"start":{"line":208,"column":87},"end":{"line":208,"column":107}}]},"34":{"line":221,"type":"binary-expr","locations":[{"start":{"line":221,"column":23},"end":{"line":221,"column":57}},{"start":{"line":223,"column":16},"end":{"line":223,"column":35}},{"start":{"line":223,"column":39},"end":{"line":223,"column":65}}]},"35":{"line":226,"type":"if","locations":[{"start":{"line":226,"column":14},"end":{"line":226,"column":14}},{"start":{"line":226,"column":14},"end":{"line":226,"column":14}}]},"36":{"line":232,"type":"if","locations":[{"start":{"line":232,"column":14},"end":{"line":232,"column":14}},{"start":{"line":232,"column":14},"end":{"line":232,"column":14}}]},"37":{"line":238,"type":"if","locations":[{"start":{"line":238,"column":14},"end":{"line":238,"column":14}},{"start":{"line":238,"column":14},"end":{"line":238,"column":14}}]},"38":{"line":238,"type":"binary-expr","locations":[{"start":{"line":238,"column":18},"end":{"line":238,"column":50}},{"start":{"line":238,"column":54},"end":{"line":238,"column":84}}]},"39":{"line":247,"type":"binary-expr","locations":[{"start":{"line":247,"column":54},"end":{"line":247,"column":70}},{"start":{"line":247,"column":74},"end":{"line":247,"column":83}}]},"40":{"line":256,"type":"if","locations":[{"start":{"line":256,"column":14},"end":{"line":256,"column":14}},{"start":{"line":256,"column":14},"end":{"line":256,"column":14}}]},"41":{"line":256,"type":"binary-expr","locations":[{"start":{"line":256,"column":18},"end":{"line":256,"column":45}},{"start":{"line":256,"column":49},"end":{"line":256,"column":66}}]},"42":{"line":260,"type":"if","locations":[{"start":{"line":260,"column":14},"end":{"line":260,"column":14}},{"start":{"line":260,"column":14},"end":{"line":260,"column":14}}]},"43":{"line":267,"type":"binary-expr","locations":[{"start":{"line":267,"column":19},"end":{"line":267,"column":30}},{"start":{"line":267,"column":34},"end":{"line":267,"column":38}}]},"44":{"line":276,"type":"if","locations":[{"start":{"line":276,"column":10},"end":{"line":276,"column":10}},{"start":{"line":276,"column":10},"end":{"line":276,"column":10}}]},"45":{"line":276,"type":"binary-expr","locations":[{"start":{"line":276,"column":14},"end":{"line":276,"column":31}},{"start":{"line":276,"column":35},"end":{"line":276,"column":58}},{"start":{"line":276,"column":62},"end":{"line":276,"column":71}}]},"46":{"line":280,"type":"if","locations":[{"start":{"line":280,"column":10},"end":{"line":280,"column":10}},{"start":{"line":280,"column":10},"end":{"line":280,"column":10}}]},"47":{"line":280,"type":"binary-expr","locations":[{"start":{"line":280,"column":14},"end":{"line":280,"column":32}},{"start":{"line":280,"column":36},"end":{"line":280,"column":54}}]},"48":{"line":292,"type":"if","locations":[{"start":{"line":292,"column":10},"end":{"line":292,"column":10}},{"start":{"line":292,"column":10},"end":{"line":292,"column":10}}]},"49":{"line":293,"type":"binary-expr","locations":[{"start":{"line":293,"column":50},"end":{"line":293,"column":60}},{"start":{"line":293,"column":64},"end":{"line":293,"column":67}}]},"50":{"line":300,"type":"if","locations":[{"start":{"line":300,"column":10},"end":{"line":300,"column":10}},{"start":{"line":300,"column":10},"end":{"line":300,"column":10}}]},"51":{"line":307,"type":"binary-expr","locations":[{"start":{"line":307,"column":81},"end":{"line":307,"column":93}},{"start":{"line":307,"column":97},"end":{"line":307,"column":100}}]},"52":{"line":309,"type":"binary-expr","locations":[{"start":{"line":309,"column":80},"end":{"line":309,"column":92}},{"start":{"line":309,"column":96},"end":{"line":309,"column":99}}]},"53":{"line":312,"type":"if","locations":[{"start":{"line":312,"column":10},"end":{"line":312,"column":10}},{"start":{"line":312,"column":10},"end":{"line":312,"column":10}}]},"54":{"line":332,"type":"if","locations":[{"start":{"line":332,"column":10},"end":{"line":332,"column":10}},{"start":{"line":332,"column":10},"end":{"line":332,"column":10}}]},"55":{"line":332,"type":"binary-expr","locations":[{"start":{"line":332,"column":16},"end":{"line":332,"column":38}},{"start":{"line":332,"column":42},"end":{"line":332,"column":76}}]},"56":{"line":373,"type":"cond-expr","locations":[{"start":{"line":373,"column":70},"end":{"line":373,"column":73}},{"start":{"line":373,"column":76},"end":{"line":373,"column":92}}]},"57":{"line":373,"type":"binary-expr","locations":[{"start":{"line":373,"column":46},"end":{"line":373,"column":49}},{"start":{"line":373,"column":53},"end":{"line":373,"column":67}}]}},"code":["'use strict';","","Object.defineProperty(exports, \"__esModule\", {","  value: true","});","","var _slicedToArray = function () { function sliceIt
[...]
eturn;","  }","","  // Debounce calls and only render once the latest promise resolves.","  // Promise#then() ensures micro task enqueuing of styles update before paint.","  var promise = updatePromise = Promise.resolve().then(function () {","    if (promise === updatePromise) {","      updatePromise = null;","      doRender();","    }","  });","}","","function doRender() {","  (0, _render2.default)(components);","}"],"l":{"3":1,"7":4,"9":1,"11":1,"13":1,"15":1,"17":1,"19":1,"21":1,"23":1,"25":1,"26":1,"27":1,"31":1,"33":1,"34":1,"36":1,"37":0,"39":0,"42":1,"45":0,"50":0,"55":0,"60":0,"64":1,"67":1,"68":1,"69":0,"71":0,"72":0,"73":0,"75":0,"76":0,"77":0,"79":0,"82":0,"83":0,"85":0,"86":0,"87":0,"90":0,"91":0,"96":0,"98":0,"101":1,"102":0,"103":0,"106":1,"107":0,"108":0,"109":0,"112":0,"113":0,"116":1,"117":0,"119":0,"120":0,"125":0,"126":0,"127":0,"128":0,"133":1,"134":0}},"/home/travis/build/npmtest/node-npmtest-styled-jsx/node_modules/styled-jsx/dist/render.js":{"path":"/home/travis/build/npmtest/node-npmtest-styled-jsx/node_modules/styled-jsx/dist/render.js","s":{"1":1,"2":1,"3":1,"4":0,"5":0,"6":0,"7":0,"8":0,"9":0,"10":0,"11":0,"12":0,"13":0,"14":0,"15":0,"16":0,"17":0,"18":0,"19":0,"20":0,"21":1,"22":0,"23":0,"24":0,"25":0,"26":0,"27":1,"28":1,"29":1,"30":1,"31":1,"32":1,"33":1,"34":1,"35":1,"36":1,"37":0,"38":0,"39":0,"40":0,"41":0,"42":0,"43":0,"44":0,"45":0,"46":0,"47":0,"48":0,"49":0,"50":0,"51":0,"52":0,"53":0,"54":1,"55":0,"56":0,"57":0,"58":0,"59":0,"60":0,"61":0,"62":1,"63":1,"64":0,"65":0,"66":0,"67":0,"68":0,"69":0,"70":0,"71":0,"72":0,"73":0,"74":0,"75":0,"76":0,"77":0,"78":0,"79":0,"80":0,"81":0,"82":0,"83":0,"84":0,"85":0,"86":0,"87":0,"88":0,"89":0,"90":0,"91":0,"92":0,"93":0,"94":0,"95":0,"96":0,"97":0,"98":1,"99":0,"100":0,"101":0,"102":0,"103":0},"b":{"1":[0,0],"2":[0,0],"3":[0,0],"4":[0,0],"5":[0,0],"6":[0,0],"7":[0,0],"8":[0,1],"9":[1,1],"10":[1,0],"11":[0,0],"12":[0,0],"13":[0,0],"14":[0,0],"15":[0,0],"16":[0,0],"17":[0,0],"18":[0,0],"19":[0,0],"20":[0,0],"21":[0,0],"22":[0,0]},"f":{"1":1,"2":0,"3":0,"4":1,"5":0,"6":0,"7":0,"8":0,"9":0,"10":0,"11":0},"fnMap":{"1":{"name":"(anonymous_1)","line":7,"loc":{"start":{"line":7,"column":21},"end":{"line":7,"column":33}}},"2":{"name":"sliceIterator","line":7,"loc":{"start":{"line":7,"column":35},"end":{"line":7,"column":66}}},"3":{"name":"(anonymous_3)","line":7,"loc":{"start":{"line":7,"column":436},"end":{"line":7,"column":454}}},"4":{"name":"_interopRequireDefault","line":13,"loc":{"start":{"line":13,"column":0},"end":{"line":13,"column":37}}},"5":{"name":"renderOnServer","line":23,"loc":{"start":{"line":23,"column":0},"end":{"line":23,"column":26}}},"6":{"name":"renderOnClient","line":25,"loc":{"start":{"line":25,"column":0},"end":{"line":25,"column":36}}},"7":{"name":"diff","line":57,"loc":{"start":{"line":57,"column":0},"end":{"line":57,"column":20}}},"8":{"name":"(anonymous_8)","line":58,"loc":{"start":{"line":58,"column":46},"end":{"line":58,"column":62}}},"9":{"name":"(anonymous_9)","line":64,"loc":{"start":{"line":64,"column":48},"end":{"line":64,"column":65}}},"10":{"name":"patch","line":75,"loc":{"start":{"line":75,"column":0},"end":{"line":75,"column":22}}},"11":{"name":"makeStyleTag","line":143,"loc":{"start":{"line":143,"column":0},"end":{"line":143,"column":27}}}},"statementMap":{"1":{"start":{"line":3,"column":0},"end":{"line":5,"column":3}},"2":{"start":{"line":7,"column":0},"end":{"line":7,"column":664}},"3":{"start":{"line":7,"column":35},"end":{"line":7,"column":428}},"4":{"start":{"line":7,"column":68},"end":{"line":7,"column":82}},"5":{"start":{"line":7,"column":83},"end":{"line":7,"column":97}},"6":{"start":{"line":7,"column":98},"end":{"line":7,"column":113}},"7":{"start":{"line":7,"column":114},"end":{"line":7,"column":133}},"8":{"start":{"line":7,"column":134},"end":{"line":7,"column":413}},"9":{"start":{"line":7,"column":140},"end":{"line":7,"column":283}},"10":{"start":{"line":7,"column":226},"end":{"line":7,"column":246}},"11":{"start":{"line":7,"column":247},"end":{"line":7,"column":281}},"12":{"start":{"line":7,"column":275},"end":{"line":7,"column":281}},"13":{"start":{"line":7,"column":300},"end":{"line":7,"column":310}},"14":{"start":{"line":7,"column":311},"end":{"line":7,"column":320}},"15":{"start":{"line":7,"column":333},"end":{"line":7,"column":411}},"16":{"start":{"line":7,"column":339},"end":{"line":7,"column":379}},"17":{"start":{"line":7,"column":364},"end":{"line":7,"column":379}},"18":{"start":{"line":7,"column":392},"end":{"line":7,"column":409}},"19":{"start":{"line":7,"column":400},"end":{"line":7,"column":409}},"20":{"start":{"line":7,"column":414},"end":{"line":7,"column":426}},"21":{"start":{"line":7,"column":429},"end":{"line":7,"column":659}},"22":{"start":{"line":7,"column":456},"end":{"line":7,"column":656}},"23":{"start":{"line":7,"column":482},"end":{"line":7,"column":493}},"24":{"start":{"line":7,"column":501},"end":{"line":7,"column":656}},"25":{"start":{"line":7,"column":539},"end":{"line":7,"column":568}},"26":{"start":{"line":7,"column":578},"end":{"line":7,"column":654}},"27":{"start":{"line":9,"column":0},"end":{"line":9,"column":40}},"28":{"start":{"line":11,"column":0},"end":{"line":11,"column":47}},"29":{"start":{"line":13,"column":0},"end":{"line":13,"column":95}},"30":{"start":{"line":13,"column":39},"end":{"line":13,"column":93}},"31":{"start":{"line":15,"column":0},"end":{"line":15,"column":53}},"32":{"start":{"line":17,"column":0},"end":{"line":17,"column":14}},"33":{"start":{"line":18,"column":0},"end":{"line":18,"column":20}},"34":{"start":{"line":20,"column":0},"end":{"line":20,"column":82}},"35":{"start":{"line":23,"column":0},"end":{"line":23,"column":28}},"36":{"start":{"line":25,"column":0},"end":{"line":55,"column":1}},"37":{"start":{"line":26,"column":2},"end":{"line":26,"column":18}},"38":{"start":{"line":27,"column":2},"end":{"line":27,"column":39}},"39":{"start":{"line":28,"column":2},"end":{"line":28,"column":32}},"40":{"start":{"line":29,"column":2},"end":{"line":29,"column":33}},"41":{"start":{"line":31,"column":2},"end":{"line":50,"column":3}},"42":{"start":{"line":32,"column":4},"end":{"line":36,"column":5}},"43":{"start":{"line":33,"column":6},"end":{"line":33,"column":26}},"44":{"start":{"line":35,"column":6},"end":{"line":35,"column":34}},"45":{"start":{"line":38,"column":4},"end":{"line":38,"column":29}},"46":{"start":{"line":39,"column":4},"end":{"line":39,"column":25}},"47":{"start":{"line":41,"column":4},"end":{"line":49,"column":5}},"48":{"start":{"line":42,"column":6},"end":{"line":44,"column":7}},"49":{"start":{"line":43,"column":8},"end":{"line":43,"column":27}},"50":{"start":{"line":46,"column":6},"end":{"line":48,"column":7}},"51":{"start":{"line":47,"column":8},"end":{"line":47,"column":29}},"52":{"start":{"line":52,"column":2},"end":{"line":52,"column":34}},"53":{"start":{"line":54,"column":2},"end":{"line":54,"column":22}},"54":{"start":{"line":57,"column":0},"end":{"line":71,"column":1}},"55":{"start":{"line":58,"column":2},"end":{"line":63,"column":5}},"56":{"start":{"line":59,"column":4},"end":{"line":60,"column":21}},"57":{"start":{"line":62,"column":4},"end":{"line":62,"column":38}},"58":{"start":{"line":64,"column":2},"end":{"line":69,"column":5}},"59":{"start":{"line":65,"column":4},"end":{"line":66,"column":21}},"60":{"start":{"line":68,"column":4},"end":{"line":68,"column":38}},"61":{"start":{"line":70,"column":2},"end":{"line":70,"column":26}},"62":{"start":{"line":73,"column":0},"end":{"line":73,"column":20}},"63":{"start":{"line":75,"column":0},"end":{"line":141,"column":1}},"64":{"start":{"line":76,"column":2},"end":{"line":78,"column":25}},"65":{"start":{"line":80,"column":2},"end":{"line":80,"column":40}},"66":{"start":{"line":81,"column":2},"end":{"line":81,"column":33}},"67":{"start":{"line":82,"column":2},"end":{"line":82,"column":34}},"68":{"start":{"line":84,"column":2},"end":{"line":110,"column":3}},"69":{"start":{"line":85,"column":4},"end":{"line":96,"column":5}},"70":{"start":{"line":86,"column":6},"end":{"line":88,"column":30}},"71":{"start":{"line":91,"column":6},"end":{"line":93,"column":7}},"72":{"start":{"line":92,"column":8},"end":{"line":92,"column":70}},"73":{"start":{"line":95,"column":6},"end":{"line":95,"column":61}},"74":{"start":{"line":98,"column":4},"end":{"line":98,"column":30}},"75":{"start":{"line":99,"column":4},"end":{"line":99,"column":26}},"76":{"start":{"line":101,"column":4},"end":{"line":109,"column":5}},"77":{"start":{"line":102,"column":6},"end":{"line":104,"column":7}},"78":{"start":{"line":103,"column":8},"end":{"line":103,"column":28}},"79":{"start":{"line":106,"column":6},"end":{"line":108,"column":7}},"80":{"start":{"line":107,"column":8},"end":{"line":107,"column":30}},"81":{"start":{"line":112,"column":2},"end":{"line":112,"column":40}},"82":{"start":{"line":113,"column":2},"end":{"line":113,"column":33}},"83":{"start":{"line":114,"column":2},"end":{"line":114,"column":34}},"84":{"start":{"line":116,"column":2},"end":{"line":140,"column":3}},"85":{"start":{"line":117,"column":4},"end":{"line":126,"column":5}},"86":{"start":{"line":118,"column":6},"end":{"line":119,"column":31}},"87":{"start":{"line":121,"column":6},"end":{"line":121,"column":23}},"88":{"start":{"line":122,"column":6},"end":{"line":122,"column":22}},"89":{"start":{"line":123,"column":6},"end":{"line":123,"column":34}},"90":{"start":{"line":125,"column":6},"end":{"line":125,"column":28}},"91":{"start":{"line":128,"column":4},"end":{"line":128,"column":30}},"92":{"start":{"line":129,"column":4},"end":{"line":129,"column":26}},"93":{"start":{"line":131,"column":4},"end":{"line":139,"column":5}},"94":{"start":{"line":132,"column":6},"end":{"line":134,"column":7}},"95":{"start":{"line":133,"column":8},"end":{"line":133,"column":28}},"96":{"start":{"line":136,"column":6},"end":{"line":138,"column":7}},"97":{"start":{"line":137,"column":8},"end":{"line":137,"column":30}},"98":{"start":{"line":143,"column":0},"end":{"line":152,"column":1}},"99":{"start":{"line":145,"column":2},"end":{"line":145,"column":44}},"100":{"start":{"line":146,"column":2},"end":{"line":146,"column":48}},"101":{"start":{"line":148,"column":2},"end":{"line":148,"column":71}},"102":{"start":{"line":149,"column":2},"end":{"line":149,"column":24}},"103":{"start":{"line":151,"column":2},"end":{"line":151,"column":13}}},"branchMap":{"1":{"line":7,"type":"if","locations":[{"start":{"line":7,"column":247},"end":{"line":7,"column":247}},{"start":{"line":7,"column":247},"end":{"line":7,"column":247}}]},"2":{"line":7,"type":"binary-expr","locations":[{"start":{"line":7,"column":251},"end":{"line":7,"column":252}},{"start":{"line":7,"column":256},"end":{"line":7,"column":273}}]},"3":{"line":7,"type":"if","locations":[{"start":{"line":7,"column":339},"end":{"line":7,"column":339}},{"start":{"line":7,"column":339},"end":{"line":7,"column":339}}]},"4":{"line":7,"type":"binary-expr","locations":[{"start":{"line":7,"column":343},"end":{"line":7,"column":346}},{"start":{"line":7,"column":350},"end":{"line":7,"column":362}}]},"5":{"line":7,"type":"if","locations":[{"start":{"line":7,"column":392},"end":{"line":7,"column":392}},{"start":{"line":7,"column":392},"end":{"line":7,"column":392}}]},"6":{"line":7,"type":"if","locations":[{"start":{"line":7,"column":456},"end":{"line":7,"column":456}},{"start":{"line":7,"column":456},"end":{"line":7,"column":456}}]},"7":{"line":7,"type":"if","locations":[{"start":{"line":7,"column":501},"end":{"line":7,"column":501}},{"start":{"line":7,"column":501},"end":{"line":7,"column":501}}]},"8":{"line":13,"type":"cond-expr","locations":[{"start":{"line":13,"column":70},"end":{"line":13,"column":73}},{"start":{"line":13,"column":76},"end":{"line":13,"column":92}}]},"9":{"line":13,"type":"binary-expr","locations":[{"start":{"line":13,"column":46},"end":{"line":13,"column":49}},{"start":{"line":13,"column":53},"end":{"line":13,"column":67}}]},"10":{"line":20,"type":"cond-expr","locations":[{"start":{"line":20,"column":50},"end":{"line":20,"column":64}},{"start":{"line":20,"column":67},"end":{"line":20,"column":81}}]},"11":{"line":42,"type":"if","locations":[{"start":{"line":42,"column":6},"end":{"line":42,"column":6}},{"start":{"line":42,"column":6},"end":{"line":42,"column":6}}]},"12":{"line":42,"type":"binary-expr","locations":[{"start":{"line":42,"column":10},"end":{"line":42,"column":36}},{"start":{"line":42,"column":40},"end":{"line":42,"column":56}}]},"13":{"line":46,"type":"if","locations":[{"start":{"line":46,"column":6},"end":{"line":46,"column":6}},{"start":{"line":46,"column":6},"end":{"line":46,"column":6}}]},"14":{"line":91,"type":"if","locations":[{"start":{"line":91,"column":6},"end":{"line":91,"column":6}},{"start":{"line":91,"column":6},"end":{"line":91,"column":6}}]},"15":{"line":95,"type":"binary-expr","locations":[{"start":{"line":95,"column":17},"end":{"line":95,"column":31}},{"start":{"line":95,"column":35},"end":{"line":95,"column":60}}]},"16":{"line":102,"type":"if","locations":[{"start":{"line":102,"column":6},"end":{"line":102,"column":6}},{"start":{"line":102,"column":6},"end":{"line":102,"column":6}}]},"17":{"line":102,"type":"binary-expr","locations":[{"start":{"line":102,"column":10},"end":{"line":102,"column":37}},{"start":{"line":102,"column":41},"end":{"line":102,"column":58}}]},"18":{"line":106,"type":"if","locations":[{"start":{"line":106,"column":6},"end":{"line":106,"column":6}},{"start":{"line":106,"column":6},"end":{"line":106,"column":6}}]},"19":{"line":132,"type":"if","locations":[{"start":{"line":132,"column":6},"end":{"line":132,"column":6}},{"start":{"line":132,"column":6},"end":{"line":132,"column":6}}]},"20":{"line":132,"type":"binary-expr","locations":[{"start":{"line":132,"column":10},"end":{"line":132,"column":37}},{"start":{"line":132,"column":41},"end":{"line":132,"column":58}}]},"21":{"line":136,"type":"if","locations":[{"start":{"line":136,"column":6},"end":{"line":136,"column":6}},{"start":{"line":136,"column":6},"end":{"line":136,"column":6}}]},"22":{"line":148,"type":"binary-expr","locations":[{"start":{"line":148,"column":13},"end":{"line":148,"column":26}},{"start":{"line":148,"column":30},"end":{"line":148,"column":70}}]}},"code":["'use strict';","","Object.defineProperty(exports, \"__esModule\", {","  value: true","});","","var _slicedToArray = function () { function sliceIterator(arr, i) { var _arr = []; var _n = true; var _d = false; var _e = undefined; try { for (var _i = arr[Symbol.iterator](), _s; !(_n = (_s = _i.next()).done); _n = true) { _arr.push(_s.value); if (i && _arr.length === i) break; } } catch (err) { _d = true; _e = err; } finally { try { if (!_n && _i[\"return\"]) _i[\"return\"](); } finally { if (_d) throw _e; } } return _arr; } return function (arr, i) { if (Array.isArray(arr)) { return arr; } else if (Symbol.iterator in Object(arr)) { return sliceIterator(arr, i); } else { throw new TypeError(\"Invalid attempt to destructure non-iterable instance\"); } }; }();","","var _object = require('object.entries');","","var _object2 = _interopRequireDefault(_object);","","function _interopRequireDefault(obj) { return obj && obj.__esModule ? obj : { default: obj }; }","","var hasOwnProperty = Object.prototype.hasOwnProperty;","","var tags = {};","var prevStyles = {};","","exports.default = typeof window === 'undefined' ? renderOnServer : renderOnClient;","","","function renderOnServer() {}","","function renderOnClient(components) {","  var styles = {};","  var _iteratorNormalCompletion = true;","  var _didIteratorError = false;","  var _iteratorError = undefined;","","  try {","    for (var _iterator = components[Symbol.iterator](), _step; !(_iteratorNormalCompletion = (_step = _iterator.next()).done); _iteratorNormalCompletion = true) {","      var c = _step.value;","","      styles[c.props.styleId] = c;","    }","  } catch (err) {","    _didIteratorError = true;","    _iteratorError = err;","  } finally {","    try {","      if (!_iteratorNormalCompletion && _iterator.return) {","        _iterator.return();","      }","    } finally {","      if (_didIteratorError) {","        throw _iteratorError;","      }","    }","  }","","  patch(diff(prevStyles, styles));","","  prevStyles = styles;","}","","function diff(a, b) {","  var added = (0, _object2.default)(b).filter(function (_ref) {","    var _ref2 = _slicedToArray(_ref, 1),","        k = _ref2[0];","","    return !hasOwnProperty.call(a, k);","  });","  var removed = (0, _object2.default)(a).filter(function (_ref3) {","    var _ref4 = _slicedToArray(_ref3, 1),","        k = _ref4[0];","","    return !hasOwnProperty.call(b, k);","  });","  return [added, removed];","}","","var fromServer = {};","","function patch(_ref5) {","  var _ref6 = _slicedToArray(_ref5, 2),","      added = _ref6[0],","      removed = _ref6[1];","","  var _iteratorNormalCompletion2 = true;","  var _didIteratorError2 = false;","  var _iteratorError2 = undefined;","","  try {","    for (var _iterator2 = added[Symbol.iterator](), _step2; !(_iteratorNormalCompletion2 = (_step2 = _iterator2.next()).done); _iteratorNormalCompletion2 = true) {","      var _step2$value = _slicedToArray(_step2.value, 2),","          id = _step2$value[0],","          c = _step2$value[1];","","      // avoid duplicates from server-rendered markup","      if (undefined === fromServer[id]) {","        fromServer[id] = document.getElementById('__jsx-style-' + id);","      }","","      tags[id] = fromServer[id] || makeStyleTag(c.props.css);","    }","  } catch (err) {","    _didIteratorError2 = true;","    _iteratorError2 = err;","  } finally {","    try {","      if (!_iteratorNormalCompletion2 && _iterator2.return) {","        _iterator2.return();","      }","    } finally {","      if (_didIteratorError2) {","        throw _iteratorError2;","      }","    }","  }","","  var _iteratorNormalCompletion3 = true;","  var _didIteratorError3 = false;","  var _iteratorError3 = undefined;","","  try {","    for (var _iterator3 = removed[Symbol.iterator](), _step3; !(_iteratorNormalCompletion3 = (_step3 = _iterator3.next()).done); _iteratorNormalCompletion3 = true) {","      var _step3$value = _slicedToArray(_step3.value, 1),","          id = _step3$value[0];","","      var t = tags[id];","      delete tags[id];","      t.parentNode.removeChild(t);","      // avoid checking the DOM later on","      fromServer[id] = null;","    }","  } catch (err) {","    _didIteratorError3 = true;","    _iteratorError3 = err;","  } finally {","    try {","      if (!_iteratorNormalCompletion3 && _iterator3.return) {","        _iterator3.return();","      }","    } finally {","      if (_didIteratorError3) {","        throw _iteratorError3;","      }","    }","  }","}","","function makeStyleTag(str) {","  // based on implementation by glamor","  var tag = document.createElement('style');","  tag.appendChild(document.createTextNode(str));","","  var head = document.head || document.getElementsByTagName('head')[0];","  head.appendChild(tag);","","  return tag;","}"],"l":{"3":1,"7":1,"9":1,"11":1,"13":1,"15":1,"17":1,"18":1,"20":1,"23":1,"25":1,"26":0,"27":0,"28":0,"29":0,"31":0,"32":0,"33":0,"35":0,"38":0,"39":0,"41":0,"42":0,"43":0,"46":0,"47":0,"52":0,"54":0,"57":1,"58":0,"59":0,"62":0,"64":0,"65":0,"68":0,"70":0,"73":1,"75":1,"76":0,"80":0,"81":0,"82":0,"84":0,"85":0,"86":0,"91":0,"92":0,"95":0,"98":0,"99":0,"101":0,"102":0,"103":0,"106":0,"107":0,"112":0,"113":0,"114":0,"116":0,"117":0,"118":0,"121":0,"122":0,"123":0,"125":0,"128":0,"129":0,"131":0,"132":0,"133":0,"136":0,"137":0,"143":1,"145":0,"146":0,"148":0,"149":0,"151":0}},"/home/travis/build/npmtest/node-npmtest-styled-jsx/node_modules/styled-jsx/style.js":{"path":"/home/travis/build/npmtest/node-npmtest-styled-jsx/node_modules/styled-jsx/style.js","s":{"1":1},"b":{},"f":{},"fnMap":{},"statementMap":{"1":{"start":{"line":1,"column":0},"end":{"line":1,"column":40}}},"branchMap":{},"code":["module.exports = require('./dist/style')",""],"l":{"1":1}}}